mode: set
github.com/TykTechnologies/tyk-pump/logger/init.go:13.13,15.2 1 1
github.com/TykTechnologies/tyk-pump/logger/init.go:17.61,23.2 4 1
github.com/TykTechnologies/tyk-pump/logger/init.go:25.33,27.17 2 0
github.com/TykTechnologies/tyk-pump/logger/init.go:31.2,31.32 1 0
github.com/TykTechnologies/tyk-pump/logger/init.go:44.2,44.12 1 0
github.com/TykTechnologies/tyk-pump/logger/init.go:27.17,29.3 1 0
github.com/TykTechnologies/tyk-pump/logger/init.go:32.15,33.32 1 0
github.com/TykTechnologies/tyk-pump/logger/init.go:34.14,35.31 1 0
github.com/TykTechnologies/tyk-pump/logger/init.go:36.14,37.31 1 0
github.com/TykTechnologies/tyk-pump/logger/init.go:38.15,39.32 1 0
github.com/TykTechnologies/tyk-pump/logger/init.go:40.10,41.31 1 0
github.com/TykTechnologies/tyk-pump/analytics/aggregate.go:136.60,138.29 2 1
github.com/TykTechnologies/tyk-pump/analytics/aggregate.go:138.29,139.54 1 1
github.com/TykTechnologies/tyk-pump/analytics/aggregate.go:139.54,141.4 1 1
github.com/TykTechnologies/tyk-pump/analytics/aggregate.go:141.9,142.71 1 1
github.com/TykTechnologies/tyk-pump/analytics/aggregate.go:142.71,144.5 1 1
github.com/TykTechnologies/tyk-pump/analytics/aggregate.go:149.58,151.2 1 0
github.com/TykTechnologies/tyk-pump/analytics/aggregate.go:153.87,157.35 4 0
github.com/TykTechnologies/tyk-pump/analytics/aggregate.go:164.2,165.31 2 0
github.com/TykTechnologies/tyk-pump/analytics/aggregate.go:207.2,207.20 1 0
github.com/TykTechnologies/tyk-pump/analytics/aggregate.go:157.35,162.3 3 0
github.com/TykTechnologies/tyk-pump/analytics/aggregate.go:165.31,169.18 3 0
github.com/TykTechnologies/tyk-pump/analytics/aggregate.go:171.167,172.99 1 0
github.com/TykTechnologies/tyk-pump/analytics/aggregate.go:174.54,177.19 2 0
github.com/TykTechnologies/tyk-pump/analytics/aggregate.go:185.4,187.179 2 0
github.com/TykTechnologies/tyk-pump/analytics/aggregate.go:189.46,193.112 3 0
github.com/TykTechnologies/tyk-pump/analytics/aggregate.go:195.46,199.113 3 0
github.com/TykTechnologies/tyk-pump/analytics/aggregate.go:201.20,202.63 1 0
github.com/TykTechnologies/tyk-pump/analytics/aggregate.go:178.24,179.44 1 0
github.com/TykTechnologies/tyk-pump/analytics/aggregate.go:180.28,181.48 1 0
github.com/TykTechnologies/tyk-pump/analytics/aggregate.go:182.19,183.39 1 0
github.com/TykTechnologies/tyk-pump/analytics/aggregate.go:210.66,225.2 13 1
github.com/TykTechnologies/tyk-pump/analytics/aggregate.go:227.128,230.18 2 0
github.com/TykTechnologies/tyk-pump/analytics/aggregate.go:234.2,237.36 4 0
github.com/TykTechnologies/tyk-pump/analytics/aggregate.go:240.2,250.38 10 0
github.com/TykTechnologies/tyk-pump/analytics/aggregate.go:257.2,261.18 4 0
github.com/TykTechnologies/tyk-pump/analytics/aggregate.go:230.18,232.3 1 0
github.com/TykTechnologies/tyk-pump/analytics/aggregate.go:237.36,239.3 1 0
github.com/TykTechnologies/tyk-pump/analytics/aggregate.go:250.38,251.31 1 0
github.com/TykTechnologies/tyk-pump/analytics/aggregate.go:254.3,255.91 2 0
github.com/TykTechnologies/tyk-pump/analytics/aggregate.go:251.31,253.4 1 0
github.com/TykTechnologies/tyk-pump/analytics/aggregate.go:264.126,267.18 2 0
github.com/TykTechnologies/tyk-pump/analytics/aggregate.go:270.2,272.18 2 0
github.com/TykTechnologies/tyk-pump/analytics/aggregate.go:267.18,269.3 1 0
github.com/TykTechnologies/tyk-pump/analytics/aggregate.go:275.118,276.22 1 0
github.com/TykTechnologies/tyk-pump/analytics/aggregate.go:284.2,285.18 2 0
github.com/TykTechnologies/tyk-pump/analytics/aggregate.go:288.2,291.18 3 0
github.com/TykTechnologies/tyk-pump/analytics/aggregate.go:276.22,279.3 2 0
github.com/TykTechnologies/tyk-pump/analytics/aggregate.go:279.8,282.3 2 0
github.com/TykTechnologies/tyk-pump/analytics/aggregate.go:285.18,287.3 1 0
github.com/TykTechnologies/tyk-pump/analytics/aggregate.go:300.74,301.53 1 0
github.com/TykTechnologies/tyk-pump/analytics/aggregate.go:309.2,309.32 1 0
github.com/TykTechnologies/tyk-pump/analytics/aggregate.go:313.2,313.33 1 0
github.com/TykTechnologies/tyk-pump/analytics/aggregate.go:317.2,317.35 1 0
github.com/TykTechnologies/tyk-pump/analytics/aggregate.go:321.2,321.34 1 0
github.com/TykTechnologies/tyk-pump/analytics/aggregate.go:325.2,325.35 1 0
github.com/TykTechnologies/tyk-pump/analytics/aggregate.go:329.2,329.30 1 0
github.com/TykTechnologies/tyk-pump/analytics/aggregate.go:333.2,333.31 1 0
github.com/TykTechnologies/tyk-pump/analytics/aggregate.go:337.2,337.36 1 0
github.com/TykTechnologies/tyk-pump/analytics/aggregate.go:341.2,341.38 1 0
github.com/TykTechnologies/tyk-pump/analytics/aggregate.go:347.2,347.40 1 0
github.com/TykTechnologies/tyk-pump/analytics/aggregate.go:353.2,353.38 1 0
github.com/TykTechnologies/tyk-pump/analytics/aggregate.go:357.2,359.8 2 0
github.com/TykTechnologies/tyk-pump/analytics/aggregate.go:301.53,302.23 1 0
github.com/TykTechnologies/tyk-pump/analytics/aggregate.go:306.3,306.17 1 0
github.com/TykTechnologies/tyk-pump/analytics/aggregate.go:302.23,305.4 2 0
github.com/TykTechnologies/tyk-pump/analytics/aggregate.go:309.32,311.3 1 0
github.com/TykTechnologies/tyk-pump/analytics/aggregate.go:313.33,315.3 1 0
github.com/TykTechnologies/tyk-pump/analytics/aggregate.go:317.35,319.3 1 0
github.com/TykTechnologies/tyk-pump/analytics/aggregate.go:321.34,323.3 1 0
github.com/TykTechnologies/tyk-pump/analytics/aggregate.go:325.35,327.3 1 0
github.com/TykTechnologies/tyk-pump/analytics/aggregate.go:329.30,331.3 1 0
github.com/TykTechnologies/tyk-pump/analytics/aggregate.go:333.31,335.3 1 0
github.com/TykTechnologies/tyk-pump/analytics/aggregate.go:337.36,339.3 1 0
github.com/TykTechnologies/tyk-pump/analytics/aggregate.go:341.38,342.25 1 0
github.com/TykTechnologies/tyk-pump/analytics/aggregate.go:342.25,344.4 1 0
github.com/TykTechnologies/tyk-pump/analytics/aggregate.go:347.40,348.25 1 0
github.com/TykTechnologies/tyk-pump/analytics/aggregate.go:348.25,350.4 1 0
github.com/TykTechnologies/tyk-pump/analytics/aggregate.go:353.38,355.3 1 0
github.com/TykTechnologies/tyk-pump/analytics/aggregate.go:362.66,369.35 2 0
github.com/TykTechnologies/tyk-pump/analytics/aggregate.go:373.2,385.18 11 0
github.com/TykTechnologies/tyk-pump/analytics/aggregate.go:369.35,371.3 1 0
github.com/TykTechnologies/tyk-pump/analytics/aggregate.go:388.110,390.18 2 0
github.com/TykTechnologies/tyk-pump/analytics/aggregate.go:394.2,396.37 2 0
github.com/TykTechnologies/tyk-pump/analytics/aggregate.go:403.2,405.73 2 0
github.com/TykTechnologies/tyk-pump/analytics/aggregate.go:390.18,392.3 1 0
github.com/TykTechnologies/tyk-pump/analytics/aggregate.go:396.37,402.3 2 0
github.com/TykTechnologies/tyk-pump/analytics/aggregate.go:408.119,411.37 2 0
github.com/TykTechnologies/tyk-pump/analytics/aggregate.go:423.2,423.15 1 0
github.com/TykTechnologies/tyk-pump/analytics/aggregate.go:411.37,414.22 2 0
github.com/TykTechnologies/tyk-pump/analytics/aggregate.go:417.3,420.35 4 0
github.com/TykTechnologies/tyk-pump/analytics/aggregate.go:414.22,416.4 1 0
github.com/TykTechnologies/tyk-pump/analytics/aggregate.go:426.58,450.46 10 0
github.com/TykTechnologies/tyk-pump/analytics/aggregate.go:455.2,455.48 1 0
github.com/TykTechnologies/tyk-pump/analytics/aggregate.go:460.2,464.22 3 0
github.com/TykTechnologies/tyk-pump/analytics/aggregate.go:467.2,471.18 4 0
github.com/TykTechnologies/tyk-pump/analytics/aggregate.go:450.46,453.3 2 0
github.com/TykTechnologies/tyk-pump/analytics/aggregate.go:455.48,458.3 2 0
github.com/TykTechnologies/tyk-pump/analytics/aggregate.go:464.22,466.3 1 0
github.com/TykTechnologies/tyk-pump/analytics/aggregate.go:475.73,476.31 1 0
github.com/TykTechnologies/tyk-pump/analytics/aggregate.go:476.31,477.16 1 0
github.com/TykTechnologies/tyk-pump/analytics/aggregate.go:478.25,479.39 1 0
github.com/TykTechnologies/tyk-pump/analytics/aggregate.go:480.27,481.40 1 0
github.com/TykTechnologies/tyk-pump/analytics/aggregate.go:482.31,483.42 1 0
github.com/TykTechnologies/tyk-pump/analytics/aggregate.go:484.29,485.41 1 0
github.com/TykTechnologies/tyk-pump/analytics/aggregate.go:486.31,487.42 1 0
github.com/TykTechnologies/tyk-pump/analytics/aggregate.go:488.21,489.37 1 0
github.com/TykTechnologies/tyk-pump/analytics/aggregate.go:490.23,491.38 1 0
github.com/TykTechnologies/tyk-pump/analytics/aggregate.go:492.33,493.43 1 0
github.com/TykTechnologies/tyk-pump/analytics/aggregate.go:494.38,495.56 1 0
github.com/TykTechnologies/tyk-pump/analytics/aggregate.go:496.42,497.58 1 0
github.com/TykTechnologies/tyk-pump/analytics/aggregate.go:498.38,499.45 1 0
github.com/TykTechnologies/tyk-pump/analytics/aggregate.go:500.11,504.61 1 0
github.com/TykTechnologies/tyk-pump/analytics/aggregate.go:509.31,513.2 3 1
github.com/TykTechnologies/tyk-pump/analytics/aggregate.go:515.63,517.36 1 1
github.com/TykTechnologies/tyk-pump/analytics/aggregate.go:521.2,521.45 1 1
github.com/TykTechnologies/tyk-pump/analytics/aggregate.go:527.2,527.14 1 1
github.com/TykTechnologies/tyk-pump/analytics/aggregate.go:517.36,519.3 1 0
github.com/TykTechnologies/tyk-pump/analytics/aggregate.go:521.45,522.37 1 0
github.com/TykTechnologies/tyk-pump/analytics/aggregate.go:522.37,524.4 1 0
github.com/TykTechnologies/tyk-pump/analytics/aggregate.go:530.50,533.33 2 1
github.com/TykTechnologies/tyk-pump/analytics/aggregate.go:538.2,538.15 1 1
github.com/TykTechnologies/tyk-pump/analytics/aggregate.go:533.33,536.3 2 0
github.com/TykTechnologies/tyk-pump/analytics/aggregate.go:542.172,544.25 2 1
github.com/TykTechnologies/tyk-pump/analytics/aggregate.go:843.2,843.24 1 1
github.com/TykTechnologies/tyk-pump/analytics/aggregate.go:544.25,548.18 3 1
github.com/TykTechnologies/tyk-pump/analytics/aggregate.go:553.3,553.47 1 1
github.com/TykTechnologies/tyk-pump/analytics/aggregate.go:557.3,559.13 2 1
github.com/TykTechnologies/tyk-pump/analytics/aggregate.go:580.3,585.31 4 1
github.com/TykTechnologies/tyk-pump/analytics/aggregate.go:839.3,839.41 1 1
github.com/TykTechnologies/tyk-pump/analytics/aggregate.go:548.18,549.12 1 0
github.com/TykTechnologies/tyk-pump/analytics/aggregate.go:553.47,554.12 1 1
github.com/TykTechnologies/tyk-pump/analytics/aggregate.go:559.13,564.30 3 1
github.com/TykTechnologies/tyk-pump/analytics/aggregate.go:569.4,576.55 8 1
github.com/TykTechnologies/tyk-pump/analytics/aggregate.go:564.30,566.5 1 1
github.com/TykTechnologies/tyk-pump/analytics/aggregate.go:566.10,568.5 1 1
github.com/TykTechnologies/tyk-pump/analytics/aggregate.go:585.31,597.25 6 0
github.com/TykTechnologies/tyk-pump/analytics/aggregate.go:597.25,599.17 2 0
github.com/TykTechnologies/tyk-pump/analytics/aggregate.go:606.5,607.39 2 0
github.com/TykTechnologies/tyk-pump/analytics/aggregate.go:599.17,605.6 2 0
github.com/TykTechnologies/tyk-pump/analytics/aggregate.go:609.9,631.33 5 1
github.com/TykTechnologies/tyk-pump/analytics/aggregate.go:638.4,638.65 1 1
github.com/TykTechnologies/tyk-pump/analytics/aggregate.go:643.4,646.60 3 1
github.com/TykTechnologies/tyk-pump/analytics/aggregate.go:650.4,650.71 1 1
github.com/TykTechnologies/tyk-pump/analytics/aggregate.go:656.4,656.37 1 1
github.com/TykTechnologies/tyk-pump/analytics/aggregate.go:670.4,670.21 1 1
github.com/TykTechnologies/tyk-pump/analytics/aggregate.go:675.4,676.35 2 1
github.com/TykTechnologies/tyk-pump/analytics/aggregate.go:631.33,636.5 4 0
github.com/TykTechnologies/tyk-pump/analytics/aggregate.go:638.65,641.5 2 0
github.com/TykTechnologies/tyk-pump/analytics/aggregate.go:646.60,648.5 1 0
github.com/TykTechnologies/tyk-pump/analytics/aggregate.go:650.71,652.5 1 0
github.com/TykTechnologies/tyk-pump/analytics/aggregate.go:656.37,659.5 2 1
github.com/TykTechnologies/tyk-pump/analytics/aggregate.go:659.10,661.122 1 1
github.com/TykTechnologies/tyk-pump/analytics/aggregate.go:665.5,665.133 1 1
github.com/TykTechnologies/tyk-pump/analytics/aggregate.go:661.122,663.6 1 0
github.com/TykTechnologies/tyk-pump/analytics/aggregate.go:665.133,667.6 1 0
github.com/TykTechnologies/tyk-pump/analytics/aggregate.go:670.21,672.5 1 1
github.com/TykTechnologies/tyk-pump/analytics/aggregate.go:676.35,679.53 1 1
github.com/TykTechnologies/tyk-pump/analytics/aggregate.go:723.5,723.16 1 1
github.com/TykTechnologies/tyk-pump/analytics/aggregate.go:679.53,680.18 1 1
github.com/TykTechnologies/tyk-pump/analytics/aggregate.go:720.6,720.14 1 1
github.com/TykTechnologies/tyk-pump/analytics/aggregate.go:680.18,683.46 3 1
github.com/TykTechnologies/tyk-pump/analytics/aggregate.go:686.7,686.22 1 1
github.com/TykTechnologies/tyk-pump/analytics/aggregate.go:683.46,685.8 1 0
github.com/TykTechnologies/tyk-pump/analytics/aggregate.go:687.12,691.46 4 1
github.com/TykTechnologies/tyk-pump/analytics/aggregate.go:694.7,697.48 3 1
github.com/TykTechnologies/tyk-pump/analytics/aggregate.go:702.7,702.79 1 1
github.com/TykTechnologies/tyk-pump/analytics/aggregate.go:706.7,706.64 1 1
github.com/TykTechnologies/tyk-pump/analytics/aggregate.go:711.7,711.95 1 1
github.com/TykTechnologies/tyk-pump/analytics/aggregate.go:715.7,716.65 2 1
github.com/TykTechnologies/tyk-pump/analytics/aggregate.go:691.46,693.8 1 0
github.com/TykTechnologies/tyk-pump/analytics/aggregate.go:697.48,699.8 1 0
github.com/TykTechnologies/tyk-pump/analytics/aggregate.go:702.79,704.8 1 0
github.com/TykTechnologies/tyk-pump/analytics/aggregate.go:706.64,708.8 1 0
github.com/TykTechnologies/tyk-pump/analytics/aggregate.go:711.95,713.8 1 0
github.com/TykTechnologies/tyk-pump/analytics/aggregate.go:724.18,726.30 2 1
github.com/TykTechnologies/tyk-pump/analytics/aggregate.go:731.6,731.11 1 1
github.com/TykTechnologies/tyk-pump/analytics/aggregate.go:732.25,734.24 2 1
github.com/TykTechnologies/tyk-pump/analytics/aggregate.go:741.6,741.11 1 1
github.com/TykTechnologies/tyk-pump/analytics/aggregate.go:742.23,745.30 3 1
github.com/TykTechnologies/tyk-pump/analytics/aggregate.go:750.6,750.11 1 1
github.com/TykTechnologies/tyk-pump/analytics/aggregate.go:751.19,752.30 1 1
github.com/TykTechnologies/tyk-pump/analytics/aggregate.go:774.6,774.11 1 1
github.com/TykTechnologies/tyk-pump/analytics/aggregate.go:775.20,776.30 1 1
github.com/TykTechnologies/tyk-pump/analytics/aggregate.go:796.6,796.11 1 1
github.com/TykTechnologies/tyk-pump/analytics/aggregate.go:797.16,799.41 2 1
github.com/TykTechnologies/tyk-pump/analytics/aggregate.go:804.6,804.11 1 1
github.com/TykTechnologies/tyk-pump/analytics/aggregate.go:806.17,807.41 1 1
github.com/TykTechnologies/tyk-pump/analytics/aggregate.go:817.6,817.11 1 1
github.com/TykTechnologies/tyk-pump/analytics/aggregate.go:819.22,821.22 2 1
github.com/TykTechnologies/tyk-pump/analytics/aggregate.go:834.6,834.11 1 1
github.com/TykTechnologies/tyk-pump/analytics/aggregate.go:726.30,730.7 3 1
github.com/TykTechnologies/tyk-pump/analytics/aggregate.go:734.24,736.27 2 1
github.com/TykTechnologies/tyk-pump/analytics/aggregate.go:736.27,739.8 2 0
github.com/TykTechnologies/tyk-pump/analytics/aggregate.go:745.30,749.7 3 0
github.com/TykTechnologies/tyk-pump/analytics/aggregate.go:752.30,758.26 5 0
github.com/TykTechnologies/tyk-pump/analytics/aggregate.go:758.26,762.23 3 0
github.com/TykTechnologies/tyk-pump/analytics/aggregate.go:766.8,770.56 5 0
github.com/TykTechnologies/tyk-pump/analytics/aggregate.go:762.23,764.9 1 0
github.com/TykTechnologies/tyk-pump/analytics/aggregate.go:776.30,781.26 4 0
github.com/TykTechnologies/tyk-pump/analytics/aggregate.go:781.26,785.23 3 0
github.com/TykTechnologies/tyk-pump/analytics/aggregate.go:789.8,793.58 5 0
github.com/TykTechnologies/tyk-pump/analytics/aggregate.go:785.23,787.9 1 0
github.com/TykTechnologies/tyk-pump/analytics/aggregate.go:799.41,803.7 3 0
github.com/TykTechnologies/tyk-pump/analytics/aggregate.go:807.41,810.71 2 1
github.com/TykTechnologies/tyk-pump/analytics/aggregate.go:810.71,815.8 4 1
github.com/TykTechnologies/tyk-pump/analytics/aggregate.go:821.22,833.7 10 1
github.com/TykTechnologies/tyk-pump/analytics/aggregate.go:846.37,849.39 2 1
github.com/TykTechnologies/tyk-pump/analytics/aggregate.go:852.2,852.19 1 1
github.com/TykTechnologies/tyk-pump/analytics/aggregate.go:849.39,851.3 1 1
github.com/TykTechnologies/tyk-pump/analytics/analytics.go:75.47,77.2 1 0
github.com/TykTechnologies/tyk-pump/analytics/analytics.go:99.49,106.2 1 0
github.com/TykTechnologies/tyk-pump/analytics/analytics.go:108.44,113.2 1 0
github.com/TykTechnologies/tyk-pump/analytics/analytics.go:115.44,124.2 1 0
github.com/TykTechnologies/tyk-pump/analytics/analytics.go:126.52,155.2 5 0
github.com/TykTechnologies/tyk-pump/analytics/analytics.go:157.49,163.2 5 0
github.com/TykTechnologies/tyk-pump/analytics/analytics.go:165.44,169.2 3 0
github.com/TykTechnologies/tyk-pump/analytics/analytics.go:171.44,176.30 5 0
github.com/TykTechnologies/tyk-pump/analytics/analytics.go:179.2,182.27 4 0
github.com/TykTechnologies/tyk-pump/analytics/analytics.go:191.2,194.44 4 0
github.com/TykTechnologies/tyk-pump/analytics/analytics.go:176.30,178.3 1 0
github.com/TykTechnologies/tyk-pump/analytics/analytics.go:182.27,184.12 2 0
github.com/TykTechnologies/tyk-pump/analytics/analytics.go:184.12,187.4 2 0
github.com/TykTechnologies/tyk-pump/analytics/analytics.go:187.9,189.4 1 0
github.com/TykTechnologies/tyk-pump/analytics/analytics.go:197.52,220.2 22 0
github.com/TykTechnologies/tyk-pump/analytics/analytics.go:222.49,228.2 2 0
github.com/TykTechnologies/tyk-pump/analytics/analytics.go:230.45,242.2 6 0
github.com/TykTechnologies/tyk-pump/analytics/analytics.go:244.61,246.27 2 0
github.com/TykTechnologies/tyk-pump/analytics/analytics.go:251.2,253.17 3 0
github.com/TykTechnologies/tyk-pump/analytics/analytics.go:246.27,249.3 1 0
github.com/TykTechnologies/tyk-pump/analytics/analytics.go:256.48,261.29 4 0
github.com/TykTechnologies/tyk-pump/analytics/analytics.go:264.2,266.35 2 0
github.com/TykTechnologies/tyk-pump/analytics/analytics.go:261.29,263.3 1 0
github.com/TykTechnologies/tyk-pump/analytics/analytics.go:272.87,277.2 3 0
github.com/TykTechnologies/tyk-pump/analytics/analytics.go:279.90,282.16 2 0
github.com/TykTechnologies/tyk-pump/analytics/analytics.go:288.2,289.52 2 0
github.com/TykTechnologies/tyk-pump/analytics/analytics.go:282.16,285.3 2 0
github.com/TykTechnologies/tyk-pump/analytics/analytics.go:292.75,294.20 1 0
github.com/TykTechnologies/tyk-pump/analytics/analytics.go:298.2,299.16 2 0
github.com/TykTechnologies/tyk-pump/analytics/analytics.go:303.2,303.16 1 0
github.com/TykTechnologies/tyk-pump/analytics/analytics.go:307.2,315.23 8 0
github.com/TykTechnologies/tyk-pump/analytics/analytics.go:294.20,296.3 1 0
github.com/TykTechnologies/tyk-pump/analytics/analytics.go:299.16,302.3 2 0
github.com/TykTechnologies/tyk-pump/analytics/analytics.go:303.16,305.3 1 0
github.com/TykTechnologies/tyk-pump/analytics/analytics.go:319.77,320.17 1 0
github.com/TykTechnologies/tyk-pump/analytics/analytics.go:323.2,324.15 2 0
github.com/TykTechnologies/tyk-pump/analytics/analytics.go:327.2,328.51 2 0
github.com/TykTechnologies/tyk-pump/analytics/analytics.go:331.2,331.20 1 0
github.com/TykTechnologies/tyk-pump/analytics/analytics.go:320.17,322.3 1 0
github.com/TykTechnologies/tyk-pump/analytics/analytics.go:324.15,326.3 1 0
github.com/TykTechnologies/tyk-pump/analytics/analytics.go:328.51,330.3 1 0
github.com/TykTechnologies/tyk-pump/analytics/analytics.go:334.48,335.22 1 1
github.com/TykTechnologies/tyk-pump/analytics/analytics.go:339.2,339.29 1 1
github.com/TykTechnologies/tyk-pump/analytics/analytics.go:345.2,345.14 1 1
github.com/TykTechnologies/tyk-pump/analytics/analytics.go:335.22,337.3 1 1
github.com/TykTechnologies/tyk-pump/analytics/analytics.go:339.29,340.41 1 1
github.com/TykTechnologies/tyk-pump/analytics/analytics.go:340.41,342.4 1 1
github.com/TykTechnologies/tyk-pump/analytics/analytics_filters.go:18.75,19.9 1 1
github.com/TykTechnologies/tyk-pump/analytics/analytics_filters.go:33.2,33.14 1 1
github.com/TykTechnologies/tyk-pump/analytics/analytics_filters.go:20.92,21.14 1 1
github.com/TykTechnologies/tyk-pump/analytics/analytics_filters.go:22.94,23.14 1 1
github.com/TykTechnologies/tyk-pump/analytics/analytics_filters.go:24.110,25.14 1 1
github.com/TykTechnologies/tyk-pump/analytics/analytics_filters.go:26.79,27.14 1 1
github.com/TykTechnologies/tyk-pump/analytics/analytics_filters.go:28.81,29.14 1 1
github.com/TykTechnologies/tyk-pump/analytics/analytics_filters.go:30.97,31.14 1 1
github.com/TykTechnologies/tyk-pump/analytics/analytics_filters.go:36.50,37.207 1 1
github.com/TykTechnologies/tyk-pump/analytics/analytics_filters.go:40.2,40.13 1 1
github.com/TykTechnologies/tyk-pump/analytics/analytics_filters.go:37.207,39.3 1 1
github.com/TykTechnologies/tyk-pump/analytics/analytics_filters.go:43.50,44.25 1 1
github.com/TykTechnologies/tyk-pump/analytics/analytics_filters.go:49.2,49.14 1 1
github.com/TykTechnologies/tyk-pump/analytics/analytics_filters.go:44.25,45.13 1 1
github.com/TykTechnologies/tyk-pump/analytics/analytics_filters.go:45.13,47.4 1 1
github.com/TykTechnologies/tyk-pump/analytics/analytics_filters.go:52.41,53.25 1 1
github.com/TykTechnologies/tyk-pump/analytics/analytics_filters.go:58.2,58.14 1 1
github.com/TykTechnologies/tyk-pump/analytics/analytics_filters.go:53.25,54.13 1 1
github.com/TykTechnologies/tyk-pump/analytics/analytics_filters.go:54.13,56.4 1 1
github.com/TykTechnologies/tyk-pump/analytics/uptime_data.go:44.55,46.2 1 0
github.com/TykTechnologies/tyk-pump/analytics/uptime_data.go:48.93,52.35 4 0
github.com/TykTechnologies/tyk-pump/analytics/uptime_data.go:59.2,60.31 2 0
github.com/TykTechnologies/tyk-pump/analytics/uptime_data.go:74.2,74.20 1 0
github.com/TykTechnologies/tyk-pump/analytics/uptime_data.go:52.35,57.3 3 0
github.com/TykTechnologies/tyk-pump/analytics/uptime_data.go:60.31,63.18 3 0
github.com/TykTechnologies/tyk-pump/analytics/uptime_data.go:64.57,65.99 1 0
github.com/TykTechnologies/tyk-pump/analytics/uptime_data.go:66.23,67.23 1 0
github.com/TykTechnologies/tyk-pump/analytics/uptime_data.go:70.20,71.63 1 0
github.com/TykTechnologies/tyk-pump/analytics/uptime_data.go:67.23,69.5 1 0
github.com/TykTechnologies/tyk-pump/analytics/uptime_data.go:77.71,78.30 1 0
github.com/TykTechnologies/tyk-pump/analytics/uptime_data.go:82.2,82.33 1 0
github.com/TykTechnologies/tyk-pump/analytics/uptime_data.go:86.2,88.8 2 0
github.com/TykTechnologies/tyk-pump/analytics/uptime_data.go:78.30,80.3 1 0
github.com/TykTechnologies/tyk-pump/analytics/uptime_data.go:82.33,84.3 1 0
github.com/TykTechnologies/tyk-pump/analytics/uptime_data.go:110.60,117.2 4 0
github.com/TykTechnologies/tyk-pump/analytics/uptime_data.go:119.84,122.29 2 0
github.com/TykTechnologies/tyk-pump/analytics/uptime_data.go:250.2,250.24 1 0
github.com/TykTechnologies/tyk-pump/analytics/uptime_data.go:122.29,125.18 2 0
github.com/TykTechnologies/tyk-pump/analytics/uptime_data.go:129.3,131.13 2 0
github.com/TykTechnologies/tyk-pump/analytics/uptime_data.go:149.3,153.31 3 0
github.com/TykTechnologies/tyk-pump/analytics/uptime_data.go:246.3,246.41 1 0
github.com/TykTechnologies/tyk-pump/analytics/uptime_data.go:125.18,126.12 1 0
github.com/TykTechnologies/tyk-pump/analytics/uptime_data.go:131.13,146.4 11 0
github.com/TykTechnologies/tyk-pump/analytics/uptime_data.go:153.31,157.23 2 0
github.com/TykTechnologies/tyk-pump/analytics/uptime_data.go:157.23,159.17 2 0
github.com/TykTechnologies/tyk-pump/analytics/uptime_data.go:159.17,164.6 2 0
github.com/TykTechnologies/tyk-pump/analytics/uptime_data.go:166.9,181.33 5 0
github.com/TykTechnologies/tyk-pump/analytics/uptime_data.go:188.4,188.65 1 0
github.com/TykTechnologies/tyk-pump/analytics/uptime_data.go:197.4,198.35 2 0
github.com/TykTechnologies/tyk-pump/analytics/uptime_data.go:181.33,186.5 4 0
github.com/TykTechnologies/tyk-pump/analytics/uptime_data.go:188.65,194.5 4 0
github.com/TykTechnologies/tyk-pump/analytics/uptime_data.go:198.35,201.53 1 0
github.com/TykTechnologies/tyk-pump/analytics/uptime_data.go:223.5,223.16 1 0
github.com/TykTechnologies/tyk-pump/analytics/uptime_data.go:201.53,202.18 1 0
github.com/TykTechnologies/tyk-pump/analytics/uptime_data.go:220.6,220.14 1 0
github.com/TykTechnologies/tyk-pump/analytics/uptime_data.go:202.18,205.46 3 0
github.com/TykTechnologies/tyk-pump/analytics/uptime_data.go:208.7,208.22 1 0
github.com/TykTechnologies/tyk-pump/analytics/uptime_data.go:205.46,207.8 1 0
github.com/TykTechnologies/tyk-pump/analytics/uptime_data.go:209.12,213.46 4 0
github.com/TykTechnologies/tyk-pump/analytics/uptime_data.go:216.7,217.59 2 0
github.com/TykTechnologies/tyk-pump/analytics/uptime_data.go:213.46,215.8 1 0
github.com/TykTechnologies/tyk-pump/analytics/uptime_data.go:224.16,226.30 2 0
github.com/TykTechnologies/tyk-pump/analytics/uptime_data.go:230.6,230.11 1 0
github.com/TykTechnologies/tyk-pump/analytics/uptime_data.go:231.25,233.24 2 0
github.com/TykTechnologies/tyk-pump/analytics/uptime_data.go:240.6,240.11 1 0
github.com/TykTechnologies/tyk-pump/analytics/uptime_data.go:226.30,229.7 2 0
github.com/TykTechnologies/tyk-pump/analytics/uptime_data.go:233.24,235.27 2 0
github.com/TykTechnologies/tyk-pump/analytics/uptime_data.go:235.27,238.8 2 0
github.com/TykTechnologies/tyk-pump/serializer/protobuf.go:14.50,16.2 1 1
github.com/TykTechnologies/tyk-pump/serializer/protobuf.go:18.89,21.2 2 1
github.com/TykTechnologies/tyk-pump/serializer/protobuf.go:23.106,26.16 3 1
github.com/TykTechnologies/tyk-pump/serializer/protobuf.go:29.2,29.68 1 1
github.com/TykTechnologies/tyk-pump/serializer/protobuf.go:26.16,28.3 1 0
github.com/TykTechnologies/tyk-pump/serializer/protobuf.go:32.122,93.2 6 1
github.com/TykTechnologies/tyk-pump/serializer/protobuf.go:95.146,151.2 4 1
github.com/TykTechnologies/tyk-pump/serializer/serializer.go:19.72,20.24 1 1
github.com/TykTechnologies/tyk-pump/serializer/serializer.go:29.2,29.26 1 1
github.com/TykTechnologies/tyk-pump/serializer/serializer.go:21.27,24.20 3 1
github.com/TykTechnologies/tyk-pump/serializer/serializer.go:25.23,25.23 0 1
github.com/TykTechnologies/tyk-pump/serializer/serializer.go:26.10,27.70 1 0
github.com/TykTechnologies/tyk-pump/serializer/msgp.go:11.93,13.2 1 1
github.com/TykTechnologies/tyk-pump/serializer/msgp.go:15.110,17.30 2 1
github.com/TykTechnologies/tyk-pump/serializer/msgp.go:24.2,24.40 1 1
github.com/TykTechnologies/tyk-pump/serializer/msgp.go:18.14,19.40 1 0
github.com/TykTechnologies/tyk-pump/serializer/msgp.go:20.14,21.32 1 1
github.com/TykTechnologies/tyk-pump/serializer/msgp.go:27.54,29.2 1 1
github.com/TykTechnologies/tyk-pump/storage/init.go:10.13,15.2 2 1
github.com/TykTechnologies/tyk-pump/storage/redis.go:26.51,29.29 3 0
github.com/TykTechnologies/tyk-pump/storage/redis.go:36.2,38.12 2 0
github.com/TykTechnologies/tyk-pump/storage/redis.go:29.29,31.21 2 0
github.com/TykTechnologies/tyk-pump/storage/redis.go:31.21,33.4 1 0
github.com/TykTechnologies/tyk-pump/storage/redis.go:87.96,88.21 1 1
github.com/TykTechnologies/tyk-pump/storage/redis.go:101.2,106.26 3 1
github.com/TykTechnologies/tyk-pump/storage/redis.go:110.2,112.24 2 1
github.com/TykTechnologies/tyk-pump/storage/redis.go:116.2,117.24 2 1
github.com/TykTechnologies/tyk-pump/storage/redis.go:123.2,139.27 3 1
github.com/TykTechnologies/tyk-pump/storage/redis.go:150.2,152.15 2 1
github.com/TykTechnologies/tyk-pump/storage/redis.go:88.21,89.35 1 1
github.com/TykTechnologies/tyk-pump/storage/redis.go:89.35,94.4 2 0
github.com/TykTechnologies/tyk-pump/storage/redis.go:95.8,96.35 1 0
github.com/TykTechnologies/tyk-pump/storage/redis.go:96.35,98.4 1 0
github.com/TykTechnologies/tyk-pump/storage/redis.go:106.26,108.3 1 0
github.com/TykTechnologies/tyk-pump/storage/redis.go:112.24,114.3 1 0
github.com/TykTechnologies/tyk-pump/storage/redis.go:117.24,121.3 1 0
github.com/TykTechnologies/tyk-pump/storage/redis.go:139.27,142.3 2 0
github.com/TykTechnologies/tyk-pump/storage/redis.go:142.8,142.33 1 1
github.com/TykTechnologies/tyk-pump/storage/redis.go:142.33,145.3 2 0
github.com/TykTechnologies/tyk-pump/storage/redis.go:145.8,148.3 2 1
github.com/TykTechnologies/tyk-pump/storage/redis.go:155.64,156.28 1 1
github.com/TykTechnologies/tyk-pump/storage/redis.go:165.2,165.41 1 1
github.com/TykTechnologies/tyk-pump/storage/redis.go:170.2,170.14 1 1
github.com/TykTechnologies/tyk-pump/storage/redis.go:156.28,158.3 1 1
github.com/TykTechnologies/tyk-pump/storage/redis.go:158.8,159.34 1 1
github.com/TykTechnologies/tyk-pump/storage/redis.go:159.34,162.4 2 0
github.com/TykTechnologies/tyk-pump/storage/redis.go:165.41,168.3 2 1
github.com/TykTechnologies/tyk-pump/storage/redis.go:173.55,175.2 1 0
github.com/TykTechnologies/tyk-pump/storage/redis.go:177.69,180.16 3 1
github.com/TykTechnologies/tyk-pump/storage/redis.go:186.2,187.24 2 1
github.com/TykTechnologies/tyk-pump/storage/redis.go:191.2,191.35 1 1
github.com/TykTechnologies/tyk-pump/storage/redis.go:196.2,196.12 1 1
github.com/TykTechnologies/tyk-pump/storage/redis.go:180.16,184.3 1 0
github.com/TykTechnologies/tyk-pump/storage/redis.go:187.24,189.3 1 0
github.com/TykTechnologies/tyk-pump/storage/redis.go:191.35,193.3 1 1
github.com/TykTechnologies/tyk-pump/storage/redis.go:193.8,195.3 1 0
github.com/TykTechnologies/tyk-pump/storage/redis.go:200.53,201.17 1 1
github.com/TykTechnologies/tyk-pump/storage/redis.go:209.2,215.13 3 0
github.com/TykTechnologies/tyk-pump/storage/redis.go:201.17,207.3 3 1
github.com/TykTechnologies/tyk-pump/storage/redis.go:218.64,220.2 1 1
github.com/TykTechnologies/tyk-pump/storage/redis.go:222.68,230.2 3 1
github.com/TykTechnologies/tyk-pump/storage/redis.go:232.123,237.17 2 1
github.com/TykTechnologies/tyk-pump/storage/redis.go:245.2,256.67 5 1
github.com/TykTechnologies/tyk-pump/storage/redis.go:270.2,270.16 1 1
github.com/TykTechnologies/tyk-pump/storage/redis.go:277.2,280.25 3 1
github.com/TykTechnologies/tyk-pump/storage/redis.go:284.2,288.15 2 1
github.com/TykTechnologies/tyk-pump/storage/redis.go:237.17,243.3 3 1
github.com/TykTechnologies/tyk-pump/storage/redis.go:256.67,259.21 2 1
github.com/TykTechnologies/tyk-pump/storage/redis.go:267.3,267.13 1 1
github.com/TykTechnologies/tyk-pump/storage/redis.go:259.21,261.4 1 1
github.com/TykTechnologies/tyk-pump/storage/redis.go:261.9,266.4 2 1
github.com/TykTechnologies/tyk-pump/storage/redis.go:270.16,275.3 2 0
github.com/TykTechnologies/tyk-pump/storage/redis.go:280.25,282.3 1 1
github.com/TykTechnologies/tyk-pump/storage/redis.go:292.91,298.17 5 0
github.com/TykTechnologies/tyk-pump/storage/redis.go:303.2,303.16 1 0
github.com/TykTechnologies/tyk-pump/storage/redis.go:307.2,307.12 1 0
github.com/TykTechnologies/tyk-pump/storage/redis.go:298.17,299.52 1 0
github.com/TykTechnologies/tyk-pump/storage/redis.go:299.52,301.4 1 0
github.com/TykTechnologies/tyk-pump/storage/redis.go:303.16,306.3 2 0
github.com/TykTechnologies/tyk-pump/storage/redis.go:310.82,312.16 2 0
github.com/TykTechnologies/tyk-pump/storage/redis.go:315.2,315.12 1 0
github.com/TykTechnologies/tyk-pump/storage/redis.go:312.16,314.3 1 0
github.com/TykTechnologies/tyk-pump/storage/redis.go:318.57,319.17 1 0
github.com/TykTechnologies/tyk-pump/storage/redis.go:323.2,324.6 2 0
github.com/TykTechnologies/tyk-pump/storage/redis.go:319.17,322.3 1 0
github.com/TykTechnologies/tyk-pump/storage/redis.go:324.6,326.18 2 0
github.com/TykTechnologies/tyk-pump/storage/redis.go:330.3,330.36 1 0
github.com/TykTechnologies/tyk-pump/storage/redis.go:326.18,329.4 1 0
github.com/TykTechnologies/tyk-pump/config.go:229.71,232.16 2 1
github.com/TykTechnologies/tyk-pump/config.go:236.2,237.23 2 1
github.com/TykTechnologies/tyk-pump/config.go:241.2,242.92 2 1
github.com/TykTechnologies/tyk-pump/config.go:246.2,247.24 2 1
github.com/TykTechnologies/tyk-pump/config.go:251.2,252.28 2 1
github.com/TykTechnologies/tyk-pump/config.go:232.16,234.3 1 1
github.com/TykTechnologies/tyk-pump/config.go:237.23,239.3 1 1
github.com/TykTechnologies/tyk-pump/config.go:242.92,244.3 1 1
github.com/TykTechnologies/tyk-pump/config.go:247.24,249.3 1 0
github.com/TykTechnologies/tyk-pump/config.go:252.28,254.3 1 0
github.com/TykTechnologies/tyk-pump/config.go:257.57,258.25 1 1
github.com/TykTechnologies/tyk-pump/config.go:262.2,265.35 2 1
github.com/TykTechnologies/tyk-pump/config.go:286.2,286.39 1 1
github.com/TykTechnologies/tyk-pump/config.go:324.2,324.12 1 1
github.com/TykTechnologies/tyk-pump/config.go:258.25,260.3 1 1
github.com/TykTechnologies/tyk-pump/config.go:265.35,266.47 1 1
github.com/TykTechnologies/tyk-pump/config.go:266.47,273.25 3 1
github.com/TykTechnologies/tyk-pump/config.go:279.4,281.35 2 1
github.com/TykTechnologies/tyk-pump/config.go:273.25,275.13 2 1
github.com/TykTechnologies/tyk-pump/config.go:286.39,290.45 2 1
github.com/TykTechnologies/tyk-pump/config.go:295.3,295.67 1 1
github.com/TykTechnologies/tyk-pump/config.go:306.3,309.25 3 1
github.com/TykTechnologies/tyk-pump/config.go:314.3,314.25 1 1
github.com/TykTechnologies/tyk-pump/config.go:319.3,322.27 3 1
github.com/TykTechnologies/tyk-pump/config.go:290.45,293.4 1 0
github.com/TykTechnologies/tyk-pump/config.go:295.67,297.14 2 1
github.com/TykTechnologies/tyk-pump/config.go:301.4,301.22 1 1
github.com/TykTechnologies/tyk-pump/config.go:297.14,299.13 2 0
github.com/TykTechnologies/tyk-pump/config.go:302.9,304.4 1 1
github.com/TykTechnologies/tyk-pump/config.go:309.25,311.4 1 0
github.com/TykTechnologies/tyk-pump/config.go:314.25,317.4 1 1
github.com/TykTechnologies/tyk-pump/instrumentation_helpers.go:17.29,22.22 3 0
github.com/TykTechnologies/tyk-pump/instrumentation_helpers.go:26.2,26.14 1 0
github.com/TykTechnologies/tyk-pump/instrumentation_helpers.go:30.2,30.47 1 0
github.com/TykTechnologies/tyk-pump/instrumentation_helpers.go:35.2,39.16 3 0
github.com/TykTechnologies/tyk-pump/instrumentation_helpers.go:44.2,49.37 4 0
github.com/TykTechnologies/tyk-pump/instrumentation_helpers.go:22.22,24.3 1 0
github.com/TykTechnologies/tyk-pump/instrumentation_helpers.go:26.14,28.3 1 0
github.com/TykTechnologies/tyk-pump/instrumentation_helpers.go:30.47,33.3 2 0
github.com/TykTechnologies/tyk-pump/instrumentation_helpers.go:39.16,42.3 2 0
github.com/TykTechnologies/tyk-pump/instrumentation_helpers.go:52.42,54.12 2 0
github.com/TykTechnologies/tyk-pump/instrumentation_helpers.go:54.12,59.7 4 0
github.com/TykTechnologies/tyk-pump/instrumentation_helpers.go:59.7,68.4 7 0
github.com/TykTechnologies/tyk-pump/instrumentation_statsd_sink.go:92.82,94.16 2 0
github.com/TykTechnologies/tyk-pump/instrumentation_statsd_sink.go:98.2,99.16 2 0
github.com/TykTechnologies/tyk-pump/instrumentation_statsd_sink.go:103.2,113.20 2 0
github.com/TykTechnologies/tyk-pump/instrumentation_statsd_sink.go:122.2,124.15 2 0
github.com/TykTechnologies/tyk-pump/instrumentation_statsd_sink.go:94.16,96.3 1 0
github.com/TykTechnologies/tyk-pump/instrumentation_statsd_sink.go:99.16,101.3 1 0
github.com/TykTechnologies/tyk-pump/instrumentation_statsd_sink.go:113.20,115.40 2 0
github.com/TykTechnologies/tyk-pump/instrumentation_statsd_sink.go:115.40,117.4 1 0
github.com/TykTechnologies/tyk-pump/instrumentation_statsd_sink.go:118.8,120.3 1 0
github.com/TykTechnologies/tyk-pump/instrumentation_statsd_sink.go:127.29,130.2 2 0
github.com/TykTechnologies/tyk-pump/instrumentation_statsd_sink.go:132.30,135.2 2 0
github.com/TykTechnologies/tyk-pump/instrumentation_statsd_sink.go:137.81,139.2 1 0
github.com/TykTechnologies/tyk-pump/instrumentation_statsd_sink.go:141.100,143.2 1 0
github.com/TykTechnologies/tyk-pump/instrumentation_statsd_sink.go:145.95,147.2 1 0
github.com/TykTechnologies/tyk-pump/instrumentation_statsd_sink.go:149.96,151.2 1 0
github.com/TykTechnologies/tyk-pump/instrumentation_statsd_sink.go:153.115,155.2 1 0
github.com/TykTechnologies/tyk-pump/instrumentation_statsd_sink.go:157.29,161.12 3 0
github.com/TykTechnologies/tyk-pump/instrumentation_statsd_sink.go:167.1,168.27 1 0
github.com/TykTechnologies/tyk-pump/instrumentation_statsd_sink.go:192.2,192.15 1 0
github.com/TykTechnologies/tyk-pump/instrumentation_statsd_sink.go:161.12,162.22 1 0
github.com/TykTechnologies/tyk-pump/instrumentation_statsd_sink.go:162.22,164.4 1 0
github.com/TykTechnologies/tyk-pump/instrumentation_statsd_sink.go:168.27,169.19 1 0
github.com/TykTechnologies/tyk-pump/instrumentation_statsd_sink.go:170.27,172.8 1 0
github.com/TykTechnologies/tyk-pump/instrumentation_statsd_sink.go:182.26,184.14 2 0
github.com/TykTechnologies/tyk-pump/instrumentation_statsd_sink.go:185.27,186.13 1 0
github.com/TykTechnologies/tyk-pump/instrumentation_statsd_sink.go:187.11,188.22 1 0
github.com/TykTechnologies/tyk-pump/instrumentation_statsd_sink.go:172.8,173.12 1 0
github.com/TykTechnologies/tyk-pump/instrumentation_statsd_sink.go:174.27,175.24 1 0
github.com/TykTechnologies/tyk-pump/instrumentation_statsd_sink.go:176.13,179.22 3 0
github.com/TykTechnologies/tyk-pump/instrumentation_statsd_sink.go:195.53,196.18 1 0
github.com/TykTechnologies/tyk-pump/instrumentation_statsd_sink.go:197.26,198.37 1 0
github.com/TykTechnologies/tyk-pump/instrumentation_statsd_sink.go:199.29,200.40 1 0
github.com/TykTechnologies/tyk-pump/instrumentation_statsd_sink.go:201.27,202.49 1 0
github.com/TykTechnologies/tyk-pump/instrumentation_statsd_sink.go:203.26,204.48 1 0
github.com/TykTechnologies/tyk-pump/instrumentation_statsd_sink.go:205.29,206.52 1 0
github.com/TykTechnologies/tyk-pump/instrumentation_statsd_sink.go:210.61,211.35 1 0
github.com/TykTechnologies/tyk-pump/instrumentation_statsd_sink.go:217.2,217.33 1 0
github.com/TykTechnologies/tyk-pump/instrumentation_statsd_sink.go:211.35,215.3 3 0
github.com/TykTechnologies/tyk-pump/instrumentation_statsd_sink.go:217.33,221.3 3 0
github.com/TykTechnologies/tyk-pump/instrumentation_statsd_sink.go:224.64,225.35 1 0
github.com/TykTechnologies/tyk-pump/instrumentation_statsd_sink.go:231.2,231.33 1 0
github.com/TykTechnologies/tyk-pump/instrumentation_statsd_sink.go:225.35,229.3 3 0
github.com/TykTechnologies/tyk-pump/instrumentation_statsd_sink.go:231.33,235.3 3 0
github.com/TykTechnologies/tyk-pump/instrumentation_statsd_sink.go:238.75,241.35 2 0
github.com/TykTechnologies/tyk-pump/instrumentation_statsd_sink.go:248.2,248.33 1 0
github.com/TykTechnologies/tyk-pump/instrumentation_statsd_sink.go:241.35,246.3 4 0
github.com/TykTechnologies/tyk-pump/instrumentation_statsd_sink.go:248.33,253.3 4 0
github.com/TykTechnologies/tyk-pump/instrumentation_statsd_sink.go:256.76,259.37 3 0
github.com/TykTechnologies/tyk-pump/instrumentation_statsd_sink.go:262.2,264.35 2 0
github.com/TykTechnologies/tyk-pump/instrumentation_statsd_sink.go:271.2,271.33 1 0
github.com/TykTechnologies/tyk-pump/instrumentation_statsd_sink.go:259.37,261.3 1 0
github.com/TykTechnologies/tyk-pump/instrumentation_statsd_sink.go:264.35,269.3 4 0
github.com/TykTechnologies/tyk-pump/instrumentation_statsd_sink.go:271.33,276.3 4 0
github.com/TykTechnologies/tyk-pump/instrumentation_statsd_sink.go:279.95,287.2 6 0
github.com/TykTechnologies/tyk-pump/instrumentation_statsd_sink.go:289.30,290.24 1 0
github.com/TykTechnologies/tyk-pump/instrumentation_statsd_sink.go:290.24,293.3 2 0
github.com/TykTechnologies/tyk-pump/instrumentation_statsd_sink.go:297.50,300.15 2 0
github.com/TykTechnologies/tyk-pump/instrumentation_statsd_sink.go:305.2,305.24 1 0
github.com/TykTechnologies/tyk-pump/instrumentation_statsd_sink.go:309.2,311.38 2 0
github.com/TykTechnologies/tyk-pump/instrumentation_statsd_sink.go:316.2,316.19 1 0
github.com/TykTechnologies/tyk-pump/instrumentation_statsd_sink.go:300.15,302.3 1 0
github.com/TykTechnologies/tyk-pump/instrumentation_statsd_sink.go:305.24,307.3 1 0
github.com/TykTechnologies/tyk-pump/instrumentation_statsd_sink.go:311.38,314.3 2 0
github.com/TykTechnologies/tyk-pump/instrumentation_statsd_sink.go:319.78,323.9 3 0
github.com/TykTechnologies/tyk-pump/instrumentation_statsd_sink.go:336.2,336.10 1 0
github.com/TykTechnologies/tyk-pump/instrumentation_statsd_sink.go:323.9,332.3 6 0
github.com/TykTechnologies/tyk-pump/instrumentation_statsd_sink.go:332.8,334.3 1 0
github.com/TykTechnologies/tyk-pump/instrumentation_statsd_sink.go:339.74,341.25 2 0
github.com/TykTechnologies/tyk-pump/instrumentation_statsd_sink.go:341.25,342.14 1 0
github.com/TykTechnologies/tyk-pump/instrumentation_statsd_sink.go:342.14,343.15 1 0
github.com/TykTechnologies/tyk-pump/instrumentation_statsd_sink.go:346.4,347.18 2 0
github.com/TykTechnologies/tyk-pump/instrumentation_statsd_sink.go:343.15,345.5 1 0
github.com/TykTechnologies/tyk-pump/instrumentation_statsd_sink.go:352.57,354.19 2 0
github.com/TykTechnologies/tyk-pump/instrumentation_statsd_sink.go:354.19,357.3 1 0
github.com/TykTechnologies/tyk-pump/instrumentation_statsd_sink.go:357.8,359.3 1 0
github.com/TykTechnologies/tyk-pump/instrumentation_statsd_sink.go:362.45,364.30 2 0
github.com/TykTechnologies/tyk-pump/instrumentation_statsd_sink.go:364.30,366.128 2 0
github.com/TykTechnologies/tyk-pump/instrumentation_statsd_sink.go:366.128,368.4 1 0
github.com/TykTechnologies/tyk-pump/instrumentation_statsd_sink.go:368.9,370.4 1 0
github.com/TykTechnologies/tyk-pump/main.go:47.13,53.38 4 0
github.com/TykTechnologies/tyk-pump/main.go:57.2,58.19 2 0
github.com/TykTechnologies/tyk-pump/main.go:64.2,71.37 3 0
github.com/TykTechnologies/tyk-pump/main.go:90.2,90.16 1 0
github.com/TykTechnologies/tyk-pump/main.go:53.38,55.3 1 0
github.com/TykTechnologies/tyk-pump/main.go:58.19,61.3 2 0
github.com/TykTechnologies/tyk-pump/main.go:71.37,73.16 2 0
github.com/TykTechnologies/tyk-pump/main.go:74.19,74.19 0 0
github.com/TykTechnologies/tyk-pump/main.go:76.16,77.33 1 0
github.com/TykTechnologies/tyk-pump/main.go:78.15,79.32 1 0
github.com/TykTechnologies/tyk-pump/main.go:80.16,81.33 1 0
github.com/TykTechnologies/tyk-pump/main.go:82.11,85.102 1 0
github.com/TykTechnologies/tyk-pump/main.go:90.16,92.3 1 0
github.com/TykTechnologies/tyk-pump/main.go:96.28,97.43 1 0
github.com/TykTechnologies/tyk-pump/main.go:106.2,113.32 4 0
github.com/TykTechnologies/tyk-pump/main.go:98.15,100.56 2 0
github.com/TykTechnologies/tyk-pump/main.go:101.10,103.56 2 0
github.com/TykTechnologies/tyk-pump/main.go:116.21,123.2 6 0
github.com/TykTechnologies/tyk-pump/main.go:125.24,128.43 2 0
github.com/TykTechnologies/tyk-pump/main.go:157.2,157.21 1 0
github.com/TykTechnologies/tyk-pump/main.go:163.2,163.39 1 0
github.com/TykTechnologies/tyk-pump/main.go:128.43,130.25 2 0
github.com/TykTechnologies/tyk-pump/main.go:134.3,135.17 2 0
github.com/TykTechnologies/tyk-pump/main.go:130.25,132.4 1 0
github.com/TykTechnologies/tyk-pump/main.go:135.17,139.4 1 0
github.com/TykTechnologies/tyk-pump/main.go:139.9,146.22 7 0
github.com/TykTechnologies/tyk-pump/main.go:146.22,148.5 1 0
github.com/TykTechnologies/tyk-pump/main.go:148.10,153.5 2 0
github.com/TykTechnologies/tyk-pump/main.go:157.21,161.3 1 0
github.com/TykTechnologies/tyk-pump/main.go:163.39,165.3 1 0
github.com/TykTechnologies/tyk-pump/main.go:169.29,174.50 2 0
github.com/TykTechnologies/tyk-pump/main.go:184.2,187.53 1 0
github.com/TykTechnologies/tyk-pump/main.go:175.13,177.57 2 0
github.com/TykTechnologies/tyk-pump/main.go:179.10,181.59 2 0
github.com/TykTechnologies/tyk-pump/main.go:190.136,191.64 1 0
github.com/TykTechnologies/tyk-pump/main.go:191.64,196.28 3 0
github.com/TykTechnologies/tyk-pump/main.go:215.3,217.40 2 0
github.com/TykTechnologies/tyk-pump/main.go:222.3,222.29 1 0
github.com/TykTechnologies/tyk-pump/main.go:196.28,198.15 2 0
github.com/TykTechnologies/tyk-pump/main.go:205.4,205.58 1 0
github.com/TykTechnologies/tyk-pump/main.go:198.15,201.5 1 0
github.com/TykTechnologies/tyk-pump/main.go:201.10,203.5 1 0
github.com/TykTechnologies/tyk-pump/main.go:205.58,208.33 3 0
github.com/TykTechnologies/tyk-pump/main.go:208.33,210.6 1 0
github.com/TykTechnologies/tyk-pump/main.go:217.40,220.4 2 0
github.com/TykTechnologies/tyk-pump/main.go:222.29,224.4 1 0
github.com/TykTechnologies/tyk-pump/main.go:228.210,231.36 2 0
github.com/TykTechnologies/tyk-pump/main.go:249.2,249.54 1 0
github.com/TykTechnologies/tyk-pump/main.go:231.36,238.17 4 0
github.com/TykTechnologies/tyk-pump/main.go:245.3,246.22 2 0
github.com/TykTechnologies/tyk-pump/main.go:238.17,243.12 2 0
github.com/TykTechnologies/tyk-pump/main.go:252.66,254.9 2 1
github.com/TykTechnologies/tyk-pump/main.go:274.2,274.17 1 1
github.com/TykTechnologies/tyk-pump/main.go:255.20,259.29 2 1
github.com/TykTechnologies/tyk-pump/main.go:270.3,271.18 2 1
github.com/TykTechnologies/tyk-pump/main.go:272.10,272.10 0 1
github.com/TykTechnologies/tyk-pump/main.go:259.29,260.41 1 1
github.com/TykTechnologies/tyk-pump/main.go:260.41,264.5 1 0
github.com/TykTechnologies/tyk-pump/main.go:264.10,268.5 1 1
github.com/TykTechnologies/tyk-pump/main.go:277.93,279.18 1 1
github.com/TykTechnologies/tyk-pump/main.go:279.18,282.29 3 1
github.com/TykTechnologies/tyk-pump/main.go:285.3,285.12 1 1
github.com/TykTechnologies/tyk-pump/main.go:282.29,284.4 1 1
github.com/TykTechnologies/tyk-pump/main.go:286.8,290.3 1 0
github.com/TykTechnologies/tyk-pump/main.go:293.68,297.77 3 1
github.com/TykTechnologies/tyk-pump/main.go:301.2,306.27 4 1
github.com/TykTechnologies/tyk-pump/main.go:326.2,327.21 2 1
github.com/TykTechnologies/tyk-pump/main.go:297.77,299.3 1 1
github.com/TykTechnologies/tyk-pump/main.go:306.27,308.38 2 1
github.com/TykTechnologies/tyk-pump/main.go:320.3,320.36 1 1
github.com/TykTechnologies/tyk-pump/main.go:323.3,324.14 2 1
github.com/TykTechnologies/tyk-pump/main.go:308.38,311.4 2 1
github.com/TykTechnologies/tyk-pump/main.go:311.9,312.18 1 1
github.com/TykTechnologies/tyk-pump/main.go:312.18,313.37 1 1
github.com/TykTechnologies/tyk-pump/main.go:313.37,315.6 1 1
github.com/TykTechnologies/tyk-pump/main.go:315.11,317.6 1 1
github.com/TykTechnologies/tyk-pump/main.go:320.36,321.12 1 1
github.com/TykTechnologies/tyk-pump/main.go:330.133,331.72 1 1
github.com/TykTechnologies/tyk-pump/main.go:342.2,355.17 8 1
github.com/TykTechnologies/tyk-pump/main.go:361.2,363.83 2 1
github.com/TykTechnologies/tyk-pump/main.go:369.2,369.9 1 1
github.com/TykTechnologies/tyk-pump/main.go:388.2,388.16 1 1
github.com/TykTechnologies/tyk-pump/main.go:331.72,332.28 1 0
github.com/TykTechnologies/tyk-pump/main.go:332.28,336.4 1 0
github.com/TykTechnologies/tyk-pump/main.go:336.9,336.43 1 0
github.com/TykTechnologies/tyk-pump/main.go:336.43,340.4 1 0
github.com/TykTechnologies/tyk-pump/main.go:355.17,357.3 1 0
github.com/TykTechnologies/tyk-pump/main.go:357.8,359.3 1 1
github.com/TykTechnologies/tyk-pump/main.go:363.83,367.3 2 1
github.com/TykTechnologies/tyk-pump/main.go:370.19,371.17 1 1
github.com/TykTechnologies/tyk-pump/main.go:376.20,377.20 1 0
github.com/TykTechnologies/tyk-pump/main.go:371.17,375.4 1 0
github.com/TykTechnologies/tyk-pump/main.go:378.25,381.71 1 0
github.com/TykTechnologies/tyk-pump/main.go:382.33,385.53 1 0
github.com/TykTechnologies/tyk-pump/main.go:388.16,390.3 1 1
github.com/TykTechnologies/tyk-pump/main.go:393.13,407.21 7 0
github.com/TykTechnologies/tyk-pump/main.go:416.2,416.33 1 0
github.com/TykTechnologies/tyk-pump/main.go:425.2,441.30 11 0
github.com/TykTechnologies/tyk-pump/main.go:407.21,414.3 5 0
github.com/TykTechnologies/tyk-pump/main.go:416.33,418.46 2 0
github.com/TykTechnologies/tyk-pump/main.go:418.46,421.4 2 0
github.com/TykTechnologies/tyk-pump/pumps/dogstatsd.go:102.36,105.2 2 0
github.com/TykTechnologies/tyk-pump/pumps/dogstatsd.go:107.42,109.2 1 0
github.com/TykTechnologies/tyk-pump/pumps/dogstatsd.go:111.47,113.2 1 0
github.com/TykTechnologies/tyk-pump/pumps/dogstatsd.go:115.54,119.59 2 0
github.com/TykTechnologies/tyk-pump/pumps/dogstatsd.go:123.2,125.28 2 0
github.com/TykTechnologies/tyk-pump/pumps/dogstatsd.go:128.2,131.28 3 0
github.com/TykTechnologies/tyk-pump/pumps/dogstatsd.go:134.2,136.56 2 0
github.com/TykTechnologies/tyk-pump/pumps/dogstatsd.go:139.2,141.38 2 0
github.com/TykTechnologies/tyk-pump/pumps/dogstatsd.go:144.2,147.21 3 0
github.com/TykTechnologies/tyk-pump/pumps/dogstatsd.go:154.2,154.21 1 0
github.com/TykTechnologies/tyk-pump/pumps/dogstatsd.go:158.2,158.40 1 0
github.com/TykTechnologies/tyk-pump/pumps/dogstatsd.go:162.2,164.12 2 0
github.com/TykTechnologies/tyk-pump/pumps/dogstatsd.go:119.59,121.3 1 0
github.com/TykTechnologies/tyk-pump/pumps/dogstatsd.go:125.28,127.3 1 0
github.com/TykTechnologies/tyk-pump/pumps/dogstatsd.go:131.28,133.3 1 0
github.com/TykTechnologies/tyk-pump/pumps/dogstatsd.go:136.56,138.3 1 0
github.com/TykTechnologies/tyk-pump/pumps/dogstatsd.go:141.38,143.3 1 0
github.com/TykTechnologies/tyk-pump/pumps/dogstatsd.go:147.21,149.3 1 0
github.com/TykTechnologies/tyk-pump/pumps/dogstatsd.go:149.8,152.3 1 0
github.com/TykTechnologies/tyk-pump/pumps/dogstatsd.go:154.21,156.3 1 0
github.com/TykTechnologies/tyk-pump/pumps/dogstatsd.go:158.40,160.3 1 0
github.com/TykTechnologies/tyk-pump/pumps/dogstatsd.go:167.64,169.16 2 0
github.com/TykTechnologies/tyk-pump/pumps/dogstatsd.go:173.2,178.12 4 0
github.com/TykTechnologies/tyk-pump/pumps/dogstatsd.go:169.16,171.3 1 0
github.com/TykTechnologies/tyk-pump/pumps/dogstatsd.go:181.82,182.20 1 0
github.com/TykTechnologies/tyk-pump/pumps/dogstatsd.go:186.2,187.25 2 0
github.com/TykTechnologies/tyk-pump/pumps/dogstatsd.go:251.2,253.12 2 0
github.com/TykTechnologies/tyk-pump/pumps/dogstatsd.go:182.20,184.3 1 0
github.com/TykTechnologies/tyk-pump/pumps/dogstatsd.go:187.25,199.28 3 0
github.com/TykTechnologies/tyk-pump/pumps/dogstatsd.go:247.3,247.115 1 0
github.com/TykTechnologies/tyk-pump/pumps/dogstatsd.go:199.28,210.29 2 0
github.com/TykTechnologies/tyk-pump/pumps/dogstatsd.go:210.29,212.5 1 0
github.com/TykTechnologies/tyk-pump/pumps/dogstatsd.go:213.9,215.36 2 0
github.com/TykTechnologies/tyk-pump/pumps/dogstatsd.go:215.36,217.16 2 0
github.com/TykTechnologies/tyk-pump/pumps/dogstatsd.go:243.5,243.31 1 0
github.com/TykTechnologies/tyk-pump/pumps/dogstatsd.go:218.19,219.40 1 0
github.com/TykTechnologies/tyk-pump/pumps/dogstatsd.go:220.26,221.67 1 0
github.com/TykTechnologies/tyk-pump/pumps/dogstatsd.go:222.24,223.49 1 0
github.com/TykTechnologies/tyk-pump/pumps/dogstatsd.go:224.21,225.43 1 0
github.com/TykTechnologies/tyk-pump/pumps/dogstatsd.go:226.19,227.39 1 0
github.com/TykTechnologies/tyk-pump/pumps/dogstatsd.go:228.19,229.39 1 0
github.com/TykTechnologies/tyk-pump/pumps/dogstatsd.go:230.20,231.58 1 0
github.com/TykTechnologies/tyk-pump/pumps/dogstatsd.go:232.17,234.36 2 0
github.com/TykTechnologies/tyk-pump/pumps/dogstatsd.go:235.21,236.31 1 0
github.com/TykTechnologies/tyk-pump/pumps/dogstatsd.go:239.6,239.43 1 0
github.com/TykTechnologies/tyk-pump/pumps/dogstatsd.go:240.13,241.50 1 0
github.com/TykTechnologies/tyk-pump/pumps/dogstatsd.go:236.31,237.15 1 0
github.com/TykTechnologies/tyk-pump/pumps/dogstatsd.go:247.115,249.4 1 0
github.com/TykTechnologies/tyk-pump/pumps/dogstatsd.go:256.42,257.21 1 0
github.com/TykTechnologies/tyk-pump/pumps/dogstatsd.go:260.2,260.12 1 0
github.com/TykTechnologies/tyk-pump/pumps/dogstatsd.go:257.21,259.3 1 0
github.com/TykTechnologies/tyk-pump/pumps/elasticsearch.go:124.78,131.2 4 0
github.com/TykTechnologies/tyk-pump/pumps/elasticsearch.go:133.74,140.54 5 0
github.com/TykTechnologies/tyk-pump/pumps/elasticsearch.go:146.2,146.22 1 0
github.com/TykTechnologies/tyk-pump/pumps/elasticsearch.go:300.2,300.17 1 0
github.com/TykTechnologies/tyk-pump/pumps/elasticsearch.go:140.54,144.3 3 0
github.com/TykTechnologies/tyk-pump/pumps/elasticsearch.go:147.11,151.17 3 0
github.com/TykTechnologies/tyk-pump/pumps/elasticsearch.go:156.3,157.35 2 0
github.com/TykTechnologies/tyk-pump/pumps/elasticsearch.go:161.3,161.41 1 0
github.com/TykTechnologies/tyk-pump/pumps/elasticsearch.go:165.3,165.39 1 0
github.com/TykTechnologies/tyk-pump/pumps/elasticsearch.go:169.3,169.36 1 0
github.com/TykTechnologies/tyk-pump/pumps/elasticsearch.go:173.3,173.24 1 0
github.com/TykTechnologies/tyk-pump/pumps/elasticsearch.go:181.3,183.17 3 0
github.com/TykTechnologies/tyk-pump/pumps/elasticsearch.go:184.11,189.17 3 0
github.com/TykTechnologies/tyk-pump/pumps/elasticsearch.go:193.3,194.35 2 0
github.com/TykTechnologies/tyk-pump/pumps/elasticsearch.go:198.3,198.41 1 0
github.com/TykTechnologies/tyk-pump/pumps/elasticsearch.go:202.3,202.39 1 0
github.com/TykTechnologies/tyk-pump/pumps/elasticsearch.go:206.3,206.36 1 0
github.com/TykTechnologies/tyk-pump/pumps/elasticsearch.go:210.3,210.24 1 0
github.com/TykTechnologies/tyk-pump/pumps/elasticsearch.go:218.3,220.17 3 0
github.com/TykTechnologies/tyk-pump/pumps/elasticsearch.go:221.11,226.17 3 0
github.com/TykTechnologies/tyk-pump/pumps/elasticsearch.go:230.3,231.35 2 0
github.com/TykTechnologies/tyk-pump/pumps/elasticsearch.go:235.3,235.41 1 0
github.com/TykTechnologies/tyk-pump/pumps/elasticsearch.go:239.3,239.39 1 0
github.com/TykTechnologies/tyk-pump/pumps/elasticsearch.go:243.3,243.36 1 0
github.com/TykTechnologies/tyk-pump/pumps/elasticsearch.go:247.3,247.24 1 0
github.com/TykTechnologies/tyk-pump/pumps/elasticsearch.go:255.3,257.17 3 0
github.com/TykTechnologies/tyk-pump/pumps/elasticsearch.go:258.11,263.17 3 0
github.com/TykTechnologies/tyk-pump/pumps/elasticsearch.go:267.3,268.35 2 0
github.com/TykTechnologies/tyk-pump/pumps/elasticsearch.go:272.3,272.41 1 0
github.com/TykTechnologies/tyk-pump/pumps/elasticsearch.go:276.3,276.39 1 0
github.com/TykTechnologies/tyk-pump/pumps/elasticsearch.go:280.3,280.36 1 0
github.com/TykTechnologies/tyk-pump/pumps/elasticsearch.go:284.3,284.24 1 0
github.com/TykTechnologies/tyk-pump/pumps/elasticsearch.go:292.3,294.17 3 0
github.com/TykTechnologies/tyk-pump/pumps/elasticsearch.go:295.10,297.35 1 0
github.com/TykTechnologies/tyk-pump/pumps/elasticsearch.go:151.17,153.4 1 0
github.com/TykTechnologies/tyk-pump/pumps/elasticsearch.go:157.35,159.4 1 0
github.com/TykTechnologies/tyk-pump/pumps/elasticsearch.go:161.41,163.4 1 0
github.com/TykTechnologies/tyk-pump/pumps/elasticsearch.go:165.39,167.4 1 0
github.com/TykTechnologies/tyk-pump/pumps/elasticsearch.go:169.36,171.4 1 0
github.com/TykTechnologies/tyk-pump/pumps/elasticsearch.go:173.24,175.127 1 0
github.com/TykTechnologies/tyk-pump/pumps/elasticsearch.go:178.4,178.29 1 0
github.com/TykTechnologies/tyk-pump/pumps/elasticsearch.go:175.127,177.5 1 0
github.com/TykTechnologies/tyk-pump/pumps/elasticsearch.go:189.17,191.4 1 0
github.com/TykTechnologies/tyk-pump/pumps/elasticsearch.go:194.35,196.4 1 0
github.com/TykTechnologies/tyk-pump/pumps/elasticsearch.go:198.41,200.4 1 0
github.com/TykTechnologies/tyk-pump/pumps/elasticsearch.go:202.39,204.4 1 0
github.com/TykTechnologies/tyk-pump/pumps/elasticsearch.go:206.36,208.4 1 0
github.com/TykTechnologies/tyk-pump/pumps/elasticsearch.go:210.24,212.127 1 0
github.com/TykTechnologies/tyk-pump/pumps/elasticsearch.go:215.4,215.29 1 0
github.com/TykTechnologies/tyk-pump/pumps/elasticsearch.go:212.127,214.5 1 0
github.com/TykTechnologies/tyk-pump/pumps/elasticsearch.go:226.17,228.4 1 0
github.com/TykTechnologies/tyk-pump/pumps/elasticsearch.go:231.35,233.4 1 0
github.com/TykTechnologies/tyk-pump/pumps/elasticsearch.go:235.41,237.4 1 0
github.com/TykTechnologies/tyk-pump/pumps/elasticsearch.go:239.39,241.4 1 0
github.com/TykTechnologies/tyk-pump/pumps/elasticsearch.go:243.36,245.4 1 0
github.com/TykTechnologies/tyk-pump/pumps/elasticsearch.go:247.24,249.127 1 0
github.com/TykTechnologies/tyk-pump/pumps/elasticsearch.go:252.4,252.29 1 0
github.com/TykTechnologies/tyk-pump/pumps/elasticsearch.go:249.127,251.5 1 0
github.com/TykTechnologies/tyk-pump/pumps/elasticsearch.go:263.17,265.4 1 0
github.com/TykTechnologies/tyk-pump/pumps/elasticsearch.go:268.35,270.4 1 0
github.com/TykTechnologies/tyk-pump/pumps/elasticsearch.go:272.41,274.4 1 0
github.com/TykTechnologies/tyk-pump/pumps/elasticsearch.go:276.39,278.4 1 0
github.com/TykTechnologies/tyk-pump/pumps/elasticsearch.go:280.36,282.4 1 0
github.com/TykTechnologies/tyk-pump/pumps/elasticsearch.go:284.24,286.127 1 0
github.com/TykTechnologies/tyk-pump/pumps/elasticsearch.go:289.4,289.29 1 0
github.com/TykTechnologies/tyk-pump/pumps/elasticsearch.go:286.127,288.5 1 0
github.com/TykTechnologies/tyk-pump/pumps/elasticsearch.go:303.40,306.2 2 0
github.com/TykTechnologies/tyk-pump/pumps/elasticsearch.go:308.46,310.2 1 0
github.com/TykTechnologies/tyk-pump/pumps/elasticsearch.go:312.51,314.2 1 0
github.com/TykTechnologies/tyk-pump/pumps/elasticsearch.go:316.60,321.26 4 0
github.com/TykTechnologies/tyk-pump/pumps/elasticsearch.go:325.2,327.30 2 0
github.com/TykTechnologies/tyk-pump/pumps/elasticsearch.go:331.2,331.37 1 0
github.com/TykTechnologies/tyk-pump/pumps/elasticsearch.go:335.2,335.33 1 0
github.com/TykTechnologies/tyk-pump/pumps/elasticsearch.go:339.2,339.26 1 0
github.com/TykTechnologies/tyk-pump/pumps/elasticsearch.go:349.2,354.27 5 0
github.com/TykTechnologies/tyk-pump/pumps/elasticsearch.go:358.2,361.12 3 0
github.com/TykTechnologies/tyk-pump/pumps/elasticsearch.go:321.26,323.3 1 0
github.com/TykTechnologies/tyk-pump/pumps/elasticsearch.go:327.30,329.3 1 0
github.com/TykTechnologies/tyk-pump/pumps/elasticsearch.go:331.37,333.3 1 0
github.com/TykTechnologies/tyk-pump/pumps/elasticsearch.go:335.33,337.3 1 0
github.com/TykTechnologies/tyk-pump/pumps/elasticsearch.go:340.10,342.130 2 0
github.com/TykTechnologies/tyk-pump/pumps/elasticsearch.go:343.26,343.26 0 0
github.com/TykTechnologies/tyk-pump/pumps/elasticsearch.go:344.10,346.40 2 0
github.com/TykTechnologies/tyk-pump/pumps/elasticsearch.go:354.27,356.3 1 0
github.com/TykTechnologies/tyk-pump/pumps/elasticsearch.go:364.39,368.16 3 0
github.com/TykTechnologies/tyk-pump/pumps/elasticsearch.go:368.16,372.3 3 0
github.com/TykTechnologies/tyk-pump/pumps/elasticsearch.go:375.86,378.23 2 0
github.com/TykTechnologies/tyk-pump/pumps/elasticsearch.go:387.2,387.12 1 0
github.com/TykTechnologies/tyk-pump/pumps/elasticsearch.go:378.23,382.3 3 0
github.com/TykTechnologies/tyk-pump/pumps/elasticsearch.go:382.8,383.20 1 0
github.com/TykTechnologies/tyk-pump/pumps/elasticsearch.go:383.20,385.4 1 0
github.com/TykTechnologies/tyk-pump/pumps/elasticsearch.go:390.53,393.25 2 0
github.com/TykTechnologies/tyk-pump/pumps/elasticsearch.go:398.2,398.18 1 0
github.com/TykTechnologies/tyk-pump/pumps/elasticsearch.go:393.25,397.3 2 0
github.com/TykTechnologies/tyk-pump/pumps/elasticsearch.go:401.144,423.24 3 0
github.com/TykTechnologies/tyk-pump/pumps/elasticsearch.go:436.2,436.16 1 0
github.com/TykTechnologies/tyk-pump/pumps/elasticsearch.go:443.2,443.20 1 0
github.com/TykTechnologies/tyk-pump/pumps/elasticsearch.go:423.24,424.19 1 0
github.com/TykTechnologies/tyk-pump/pumps/elasticsearch.go:433.3,433.43 1 0
github.com/TykTechnologies/tyk-pump/pumps/elasticsearch.go:424.19,429.4 4 0
github.com/TykTechnologies/tyk-pump/pumps/elasticsearch.go:429.9,432.4 2 0
github.com/TykTechnologies/tyk-pump/pumps/elasticsearch.go:436.16,441.3 3 0
github.com/TykTechnologies/tyk-pump/pumps/elasticsearch.go:446.119,449.30 2 0
github.com/TykTechnologies/tyk-pump/pumps/elasticsearch.go:472.2,472.24 1 0
github.com/TykTechnologies/tyk-pump/pumps/elasticsearch.go:475.2,475.12 1 0
github.com/TykTechnologies/tyk-pump/pumps/elasticsearch.go:449.30,450.41 1 0
github.com/TykTechnologies/tyk-pump/pumps/elasticsearch.go:454.3,455.10 2 0
github.com/TykTechnologies/tyk-pump/pumps/elasticsearch.go:460.3,462.26 2 0
github.com/TykTechnologies/tyk-pump/pumps/elasticsearch.go:450.41,451.12 1 0
github.com/TykTechnologies/tyk-pump/pumps/elasticsearch.go:455.10,457.12 2 0
github.com/TykTechnologies/tyk-pump/pumps/elasticsearch.go:462.26,465.4 2 0
github.com/TykTechnologies/tyk-pump/pumps/elasticsearch.go:465.9,467.18 2 0
github.com/TykTechnologies/tyk-pump/pumps/elasticsearch.go:467.18,469.5 1 0
github.com/TykTechnologies/tyk-pump/pumps/elasticsearch.go:472.24,474.3 1 0
github.com/TykTechnologies/tyk-pump/pumps/elasticsearch.go:478.54,480.2 1 0
github.com/TykTechnologies/tyk-pump/pumps/elasticsearch.go:482.119,485.30 2 0
github.com/TykTechnologies/tyk-pump/pumps/elasticsearch.go:508.2,508.24 1 0
github.com/TykTechnologies/tyk-pump/pumps/elasticsearch.go:511.2,511.12 1 0
github.com/TykTechnologies/tyk-pump/pumps/elasticsearch.go:485.30,486.41 1 0
github.com/TykTechnologies/tyk-pump/pumps/elasticsearch.go:490.3,491.10 2 0
github.com/TykTechnologies/tyk-pump/pumps/elasticsearch.go:496.3,498.26 2 0
github.com/TykTechnologies/tyk-pump/pumps/elasticsearch.go:486.41,487.12 1 0
github.com/TykTechnologies/tyk-pump/pumps/elasticsearch.go:491.10,493.12 2 0
github.com/TykTechnologies/tyk-pump/pumps/elasticsearch.go:498.26,501.4 2 0
github.com/TykTechnologies/tyk-pump/pumps/elasticsearch.go:501.9,503.18 2 0
github.com/TykTechnologies/tyk-pump/pumps/elasticsearch.go:503.18,505.5 1 0
github.com/TykTechnologies/tyk-pump/pumps/elasticsearch.go:508.24,510.3 1 0
github.com/TykTechnologies/tyk-pump/pumps/elasticsearch.go:514.54,516.2 1 0
github.com/TykTechnologies/tyk-pump/pumps/elasticsearch.go:518.119,521.30 2 0
github.com/TykTechnologies/tyk-pump/pumps/elasticsearch.go:547.2,547.24 1 0
github.com/TykTechnologies/tyk-pump/pumps/elasticsearch.go:551.2,551.12 1 0
github.com/TykTechnologies/tyk-pump/pumps/elasticsearch.go:521.30,522.41 1 0
github.com/TykTechnologies/tyk-pump/pumps/elasticsearch.go:526.3,527.10 2 0
github.com/TykTechnologies/tyk-pump/pumps/elasticsearch.go:532.3,534.26 2 0
github.com/TykTechnologies/tyk-pump/pumps/elasticsearch.go:522.41,523.12 1 0
github.com/TykTechnologies/tyk-pump/pumps/elasticsearch.go:527.10,529.12 2 0
github.com/TykTechnologies/tyk-pump/pumps/elasticsearch.go:534.26,537.4 2 0
github.com/TykTechnologies/tyk-pump/pumps/elasticsearch.go:537.9,539.18 2 0
github.com/TykTechnologies/tyk-pump/pumps/elasticsearch.go:539.18,541.5 1 0
github.com/TykTechnologies/tyk-pump/pumps/elasticsearch.go:547.24,549.3 1 0
github.com/TykTechnologies/tyk-pump/pumps/elasticsearch.go:554.54,556.2 1 0
github.com/TykTechnologies/tyk-pump/pumps/elasticsearch.go:558.119,561.30 2 0
github.com/TykTechnologies/tyk-pump/pumps/elasticsearch.go:584.2,584.24 1 0
github.com/TykTechnologies/tyk-pump/pumps/elasticsearch.go:588.2,588.12 1 0
github.com/TykTechnologies/tyk-pump/pumps/elasticsearch.go:561.30,562.41 1 0
github.com/TykTechnologies/tyk-pump/pumps/elasticsearch.go:566.3,567.10 2 0
github.com/TykTechnologies/tyk-pump/pumps/elasticsearch.go:572.3,574.26 2 0
github.com/TykTechnologies/tyk-pump/pumps/elasticsearch.go:562.41,563.12 1 0
github.com/TykTechnologies/tyk-pump/pumps/elasticsearch.go:567.10,569.12 2 0
github.com/TykTechnologies/tyk-pump/pumps/elasticsearch.go:574.26,577.4 2 0
github.com/TykTechnologies/tyk-pump/pumps/elasticsearch.go:577.9,579.18 2 0
github.com/TykTechnologies/tyk-pump/pumps/elasticsearch.go:579.18,581.5 1 0
github.com/TykTechnologies/tyk-pump/pumps/elasticsearch.go:584.24,586.3 1 0
github.com/TykTechnologies/tyk-pump/pumps/elasticsearch.go:591.54,593.2 1 0
github.com/TykTechnologies/tyk-pump/pumps/elasticsearch.go:596.76,597.16 1 0
github.com/TykTechnologies/tyk-pump/pumps/elasticsearch.go:601.2,601.46 1 0
github.com/TykTechnologies/tyk-pump/pumps/elasticsearch.go:597.16,600.3 2 0
github.com/TykTechnologies/tyk-pump/pumps/elasticsearch.go:604.46,605.27 1 0
github.com/TykTechnologies/tyk-pump/pumps/elasticsearch.go:609.2,609.12 1 0
github.com/TykTechnologies/tyk-pump/pumps/elasticsearch.go:605.27,608.3 2 0
github.com/TykTechnologies/tyk-pump/pumps/hybrid.go:26.50,28.4 1 0
github.com/TykTechnologies/tyk-pump/pumps/hybrid.go:29.80,31.4 1 0
github.com/TykTechnologies/tyk-pump/pumps/hybrid.go:32.49,34.4 1 0
github.com/TykTechnologies/tyk-pump/pumps/hybrid.go:35.23,37.4 1 0
github.com/TykTechnologies/tyk-pump/pumps/hybrid.go:38.59,40.4 1 0
github.com/TykTechnologies/tyk-pump/pumps/hybrid.go:54.39,56.2 1 0
github.com/TykTechnologies/tyk-pump/pumps/hybrid.go:58.33,60.2 1 0
github.com/TykTechnologies/tyk-pump/pumps/hybrid.go:62.53,69.39 4 0
github.com/TykTechnologies/tyk-pump/pumps/hybrid.go:72.2,72.61 1 0
github.com/TykTechnologies/tyk-pump/pumps/hybrid.go:75.2,75.50 1 0
github.com/TykTechnologies/tyk-pump/pumps/hybrid.go:78.2,78.39 1 0
github.com/TykTechnologies/tyk-pump/pumps/hybrid.go:81.2,81.39 1 0
github.com/TykTechnologies/tyk-pump/pumps/hybrid.go:84.2,84.41 1 0
github.com/TykTechnologies/tyk-pump/pumps/hybrid.go:87.2,87.49 1 0
github.com/TykTechnologies/tyk-pump/pumps/hybrid.go:90.2,90.49 1 0
github.com/TykTechnologies/tyk-pump/pumps/hybrid.go:93.2,93.50 1 0
github.com/TykTechnologies/tyk-pump/pumps/hybrid.go:98.2,98.50 1 0
github.com/TykTechnologies/tyk-pump/pumps/hybrid.go:113.2,113.38 1 0
github.com/TykTechnologies/tyk-pump/pumps/hybrid.go:117.2,119.23 3 0
github.com/TykTechnologies/tyk-pump/pumps/hybrid.go:123.2,123.46 1 0
github.com/TykTechnologies/tyk-pump/pumps/hybrid.go:126.2,126.18 1 0
github.com/TykTechnologies/tyk-pump/pumps/hybrid.go:145.2,145.12 1 0
github.com/TykTechnologies/tyk-pump/pumps/hybrid.go:69.39,71.3 1 0
github.com/TykTechnologies/tyk-pump/pumps/hybrid.go:72.61,74.3 1 0
github.com/TykTechnologies/tyk-pump/pumps/hybrid.go:75.50,77.3 1 0
github.com/TykTechnologies/tyk-pump/pumps/hybrid.go:78.39,80.3 1 0
github.com/TykTechnologies/tyk-pump/pumps/hybrid.go:81.39,83.3 1 0
github.com/TykTechnologies/tyk-pump/pumps/hybrid.go:84.41,86.3 1 0
github.com/TykTechnologies/tyk-pump/pumps/hybrid.go:87.49,89.3 1 0
github.com/TykTechnologies/tyk-pump/pumps/hybrid.go:90.49,92.3 1 0
github.com/TykTechnologies/tyk-pump/pumps/hybrid.go:93.50,95.3 1 0
github.com/TykTechnologies/tyk-pump/pumps/hybrid.go:98.50,102.25 4 0
github.com/TykTechnologies/tyk-pump/pumps/hybrid.go:102.25,104.4 1 0
github.com/TykTechnologies/tyk-pump/pumps/hybrid.go:105.8,108.25 3 0
github.com/TykTechnologies/tyk-pump/pumps/hybrid.go:108.25,110.4 1 0
github.com/TykTechnologies/tyk-pump/pumps/hybrid.go:113.38,115.3 1 0
github.com/TykTechnologies/tyk-pump/pumps/hybrid.go:119.23,121.3 1 0
github.com/TykTechnologies/tyk-pump/pumps/hybrid.go:123.46,125.3 1 0
github.com/TykTechnologies/tyk-pump/pumps/hybrid.go:126.18,127.55 1 0
github.com/TykTechnologies/tyk-pump/pumps/hybrid.go:131.3,131.75 1 0
github.com/TykTechnologies/tyk-pump/pumps/hybrid.go:135.3,135.53 1 0
github.com/TykTechnologies/tyk-pump/pumps/hybrid.go:127.55,129.4 1 0
github.com/TykTechnologies/tyk-pump/pumps/hybrid.go:131.75,133.4 1 0
github.com/TykTechnologies/tyk-pump/pumps/hybrid.go:135.53,138.42 3 0
github.com/TykTechnologies/tyk-pump/pumps/hybrid.go:138.42,140.5 1 0
github.com/TykTechnologies/tyk-pump/pumps/hybrid.go:148.41,153.52 1 0
github.com/TykTechnologies/tyk-pump/pumps/hybrid.go:163.2,163.16 1 0
github.com/TykTechnologies/tyk-pump/pumps/hybrid.go:166.2,166.12 1 0
github.com/TykTechnologies/tyk-pump/pumps/hybrid.go:153.52,158.4 1 0
github.com/TykTechnologies/tyk-pump/pumps/hybrid.go:163.16,165.3 1 0
github.com/TykTechnologies/tyk-pump/pumps/hybrid.go:169.79,170.20 1 0
github.com/TykTechnologies/tyk-pump/pumps/hybrid.go:173.2,175.18 2 0
github.com/TykTechnologies/tyk-pump/pumps/hybrid.go:182.2,183.16 2 0
github.com/TykTechnologies/tyk-pump/pumps/hybrid.go:189.2,189.19 1 0
github.com/TykTechnologies/tyk-pump/pumps/hybrid.go:216.2,218.12 2 0
github.com/TykTechnologies/tyk-pump/pumps/hybrid.go:170.20,172.3 1 0
github.com/TykTechnologies/tyk-pump/pumps/hybrid.go:175.18,177.54 2 0
github.com/TykTechnologies/tyk-pump/pumps/hybrid.go:177.54,180.4 2 0
github.com/TykTechnologies/tyk-pump/pumps/hybrid.go:183.16,186.3 2 0
github.com/TykTechnologies/tyk-pump/pumps/hybrid.go:189.19,192.17 2 0
github.com/TykTechnologies/tyk-pump/pumps/hybrid.go:196.3,196.92 1 0
github.com/TykTechnologies/tyk-pump/pumps/hybrid.go:192.17,195.4 2 0
github.com/TykTechnologies/tyk-pump/pumps/hybrid.go:196.92,199.4 2 0
github.com/TykTechnologies/tyk-pump/pumps/hybrid.go:200.8,206.17 3 0
github.com/TykTechnologies/tyk-pump/pumps/hybrid.go:211.3,211.102 1 0
github.com/TykTechnologies/tyk-pump/pumps/hybrid.go:206.17,209.4 2 0
github.com/TykTechnologies/tyk-pump/pumps/hybrid.go:211.102,214.4 2 0
github.com/TykTechnologies/tyk-pump/pumps/influx2.go:72.34,75.2 2 0
github.com/TykTechnologies/tyk-pump/pumps/influx2.go:77.40,79.2 1 0
github.com/TykTechnologies/tyk-pump/pumps/influx2.go:81.45,83.2 1 0
github.com/TykTechnologies/tyk-pump/pumps/influx2.go:85.54,90.16 4 0
github.com/TykTechnologies/tyk-pump/pumps/influx2.go:94.2,101.16 6 0
github.com/TykTechnologies/tyk-pump/pumps/influx2.go:104.2,104.44 1 0
github.com/TykTechnologies/tyk-pump/pumps/influx2.go:108.2,109.16 2 0
github.com/TykTechnologies/tyk-pump/pumps/influx2.go:112.2,119.34 3 0
github.com/TykTechnologies/tyk-pump/pumps/influx2.go:128.2,128.19 1 0
github.com/TykTechnologies/tyk-pump/pumps/influx2.go:138.2,141.12 3 0
github.com/TykTechnologies/tyk-pump/pumps/influx2.go:90.16,92.3 1 0
github.com/TykTechnologies/tyk-pump/pumps/influx2.go:101.16,103.3 1 0
github.com/TykTechnologies/tyk-pump/pumps/influx2.go:104.44,106.3 1 0
github.com/TykTechnologies/tyk-pump/pumps/influx2.go:109.16,111.3 1 0
github.com/TykTechnologies/tyk-pump/pumps/influx2.go:119.34,121.17 2 0
github.com/TykTechnologies/tyk-pump/pumps/influx2.go:121.17,123.4 1 0
github.com/TykTechnologies/tyk-pump/pumps/influx2.go:123.9,125.4 1 0
github.com/TykTechnologies/tyk-pump/pumps/influx2.go:128.19,130.17 2 0
github.com/TykTechnologies/tyk-pump/pumps/influx2.go:133.3,135.4 1 0
github.com/TykTechnologies/tyk-pump/pumps/influx2.go:130.17,132.4 1 0
github.com/TykTechnologies/tyk-pump/pumps/influx2.go:144.40,148.2 3 0
github.com/TykTechnologies/tyk-pump/pumps/influx2.go:150.50,154.2 3 0
github.com/TykTechnologies/tyk-pump/pumps/influx2.go:156.96,162.47 6 0
github.com/TykTechnologies/tyk-pump/pumps/influx2.go:169.2,179.16 4 0
github.com/TykTechnologies/tyk-pump/pumps/influx2.go:182.2,182.20 1 0
github.com/TykTechnologies/tyk-pump/pumps/influx2.go:162.47,168.3 1 0
github.com/TykTechnologies/tyk-pump/pumps/influx2.go:179.16,181.3 1 0
github.com/TykTechnologies/tyk-pump/pumps/influx2.go:185.80,190.25 3 0
github.com/TykTechnologies/tyk-pump/pumps/influx2.go:236.2,236.20 1 0
github.com/TykTechnologies/tyk-pump/pumps/influx2.go:239.2,241.12 2 0
github.com/TykTechnologies/tyk-pump/pumps/influx2.go:190.25,213.35 6 0
github.com/TykTechnologies/tyk-pump/pumps/influx2.go:225.3,225.37 1 0
github.com/TykTechnologies/tyk-pump/pumps/influx2.go:230.3,232.4 1 0
github.com/TykTechnologies/tyk-pump/pumps/influx2.go:213.35,215.18 2 0
github.com/TykTechnologies/tyk-pump/pumps/influx2.go:221.4,221.17 1 0
github.com/TykTechnologies/tyk-pump/pumps/influx2.go:215.18,217.5 1 0
github.com/TykTechnologies/tyk-pump/pumps/influx2.go:217.10,220.5 1 0
github.com/TykTechnologies/tyk-pump/pumps/influx2.go:225.37,227.4 1 0
github.com/TykTechnologies/tyk-pump/pumps/influx2.go:236.20,238.3 1 0
github.com/TykTechnologies/tyk-pump/pumps/mongo_aggregate.go:59.41,62.2 2 0
github.com/TykTechnologies/tyk-pump/pumps/mongo_aggregate.go:64.52,69.32 4 0
github.com/TykTechnologies/tyk-pump/pumps/mongo_aggregate.go:73.2,73.32 1 0
github.com/TykTechnologies/tyk-pump/pumps/mongo_aggregate.go:100.2,100.23 1 0
github.com/TykTechnologies/tyk-pump/pumps/mongo_aggregate.go:104.2,104.41 1 0
github.com/TykTechnologies/tyk-pump/pumps/mongo_aggregate.go:106.2,106.15 1 0
github.com/TykTechnologies/tyk-pump/pumps/mongo_aggregate.go:69.32,71.3 1 0
github.com/TykTechnologies/tyk-pump/pumps/mongo_aggregate.go:73.32,74.35 1 0
github.com/TykTechnologies/tyk-pump/pumps/mongo_aggregate.go:74.35,79.29 4 0
github.com/TykTechnologies/tyk-pump/pumps/mongo_aggregate.go:85.4,86.32 2 0
github.com/TykTechnologies/tyk-pump/pumps/mongo_aggregate.go:94.4,94.20 1 0
github.com/TykTechnologies/tyk-pump/pumps/mongo_aggregate.go:79.29,81.5 1 0
github.com/TykTechnologies/tyk-pump/pumps/mongo_aggregate.go:81.10,83.5 1 0
github.com/TykTechnologies/tyk-pump/pumps/mongo_aggregate.go:86.32,87.27 1 0
github.com/TykTechnologies/tyk-pump/pumps/mongo_aggregate.go:87.27,88.16 1 0
github.com/TykTechnologies/tyk-pump/pumps/mongo_aggregate.go:91.6,91.11 1 0
github.com/TykTechnologies/tyk-pump/pumps/mongo_aggregate.go:88.16,90.7 1 0
github.com/TykTechnologies/tyk-pump/pumps/mongo_aggregate.go:94.20,96.5 1 0
github.com/TykTechnologies/tyk-pump/pumps/mongo_aggregate.go:100.23,102.3 1 0
github.com/TykTechnologies/tyk-pump/pumps/mongo_aggregate.go:104.41,104.87 1 0
github.com/TykTechnologies/tyk-pump/pumps/mongo_aggregate.go:109.106,112.26 2 0
github.com/TykTechnologies/tyk-pump/pumps/mongo_aggregate.go:116.2,120.27 3 0
github.com/TykTechnologies/tyk-pump/pumps/mongo_aggregate.go:124.2,124.291 1 0
github.com/TykTechnologies/tyk-pump/pumps/mongo_aggregate.go:112.26,114.3 1 0
github.com/TykTechnologies/tyk-pump/pumps/mongo_aggregate.go:120.27,122.3 1 0
github.com/TykTechnologies/tyk-pump/pumps/mongo_aggregate.go:127.55,131.2 3 0
github.com/TykTechnologies/tyk-pump/pumps/mongo_aggregate.go:133.47,135.2 1 1
github.com/TykTechnologies/tyk-pump/pumps/mongo_aggregate.go:137.52,139.2 1 1
github.com/TykTechnologies/tyk-pump/pumps/mongo_aggregate.go:141.78,142.17 1 1
github.com/TykTechnologies/tyk-pump/pumps/mongo_aggregate.go:146.2,146.50 1 1
github.com/TykTechnologies/tyk-pump/pumps/mongo_aggregate.go:142.17,144.3 1 0
github.com/TykTechnologies/tyk-pump/pumps/mongo_aggregate.go:149.61,154.16 4 1
github.com/TykTechnologies/tyk-pump/pumps/mongo_aggregate.go:158.2,158.16 1 1
github.com/TykTechnologies/tyk-pump/pumps/mongo_aggregate.go:162.2,166.24 3 1
github.com/TykTechnologies/tyk-pump/pumps/mongo_aggregate.go:170.2,170.39 1 1
github.com/TykTechnologies/tyk-pump/pumps/mongo_aggregate.go:174.2,179.12 4 1
github.com/TykTechnologies/tyk-pump/pumps/mongo_aggregate.go:154.16,156.3 1 1
github.com/TykTechnologies/tyk-pump/pumps/mongo_aggregate.go:158.16,160.3 1 0
github.com/TykTechnologies/tyk-pump/pumps/mongo_aggregate.go:166.24,168.3 1 0
github.com/TykTechnologies/tyk-pump/pumps/mongo_aggregate.go:170.39,172.3 1 1
github.com/TykTechnologies/tyk-pump/pumps/mongo_aggregate.go:182.40,187.16 4 1
github.com/TykTechnologies/tyk-pump/pumps/mongo_aggregate.go:191.2,191.19 1 1
github.com/TykTechnologies/tyk-pump/pumps/mongo_aggregate.go:195.2,197.17 2 1
github.com/TykTechnologies/tyk-pump/pumps/mongo_aggregate.go:203.2,203.45 1 1
github.com/TykTechnologies/tyk-pump/pumps/mongo_aggregate.go:187.16,189.3 1 0
github.com/TykTechnologies/tyk-pump/pumps/mongo_aggregate.go:191.19,193.3 1 0
github.com/TykTechnologies/tyk-pump/pumps/mongo_aggregate.go:197.17,201.3 3 0
github.com/TykTechnologies/tyk-pump/pumps/mongo_aggregate.go:203.45,205.3 1 1
github.com/TykTechnologies/tyk-pump/pumps/mongo_aggregate.go:208.69,209.32 1 1
github.com/TykTechnologies/tyk-pump/pumps/mongo_aggregate.go:215.2,215.43 1 1
github.com/TykTechnologies/tyk-pump/pumps/mongo_aggregate.go:223.2,225.38 2 1
github.com/TykTechnologies/tyk-pump/pumps/mongo_aggregate.go:238.2,244.16 3 1
github.com/TykTechnologies/tyk-pump/pumps/mongo_aggregate.go:248.2,253.32 2 1
github.com/TykTechnologies/tyk-pump/pumps/mongo_aggregate.go:209.32,212.3 2 0
github.com/TykTechnologies/tyk-pump/pumps/mongo_aggregate.go:215.43,217.33 2 1
github.com/TykTechnologies/tyk-pump/pumps/mongo_aggregate.go:217.33,220.4 2 1
github.com/TykTechnologies/tyk-pump/pumps/mongo_aggregate.go:225.38,233.17 3 1
github.com/TykTechnologies/tyk-pump/pumps/mongo_aggregate.go:233.17,235.4 1 0
github.com/TykTechnologies/tyk-pump/pumps/mongo_aggregate.go:244.16,246.3 1 0
github.com/TykTechnologies/tyk-pump/pumps/mongo_aggregate.go:256.87,258.24 2 1
github.com/TykTechnologies/tyk-pump/pumps/mongo_aggregate.go:276.2,278.12 2 1
github.com/TykTechnologies/tyk-pump/pumps/mongo_aggregate.go:258.24,262.3 3 0
github.com/TykTechnologies/tyk-pump/pumps/mongo_aggregate.go:262.8,267.52 2 1
github.com/TykTechnologies/tyk-pump/pumps/mongo_aggregate.go:267.52,269.18 2 1
github.com/TykTechnologies/tyk-pump/pumps/mongo_aggregate.go:273.4,273.56 1 1
github.com/TykTechnologies/tyk-pump/pumps/mongo_aggregate.go:269.18,271.5 1 0
github.com/TykTechnologies/tyk-pump/pumps/mongo_aggregate.go:281.103,300.19 9 1
github.com/TykTechnologies/tyk-pump/pumps/mongo_aggregate.go:306.2,308.32 1 1
github.com/TykTechnologies/tyk-pump/pumps/mongo_aggregate.go:300.19,305.3 2 0
github.com/TykTechnologies/tyk-pump/pumps/mongo_aggregate.go:311.62,312.16 1 0
github.com/TykTechnologies/tyk-pump/pumps/mongo_aggregate.go:319.2,319.12 1 0
github.com/TykTechnologies/tyk-pump/pumps/mongo_aggregate.go:312.16,314.97 2 0
github.com/TykTechnologies/tyk-pump/pumps/mongo_aggregate.go:314.97,317.4 2 0
github.com/TykTechnologies/tyk-pump/pumps/mongo_aggregate.go:322.140,324.20 2 1
github.com/TykTechnologies/tyk-pump/pumps/mongo_aggregate.go:329.2,335.27 5 1
github.com/TykTechnologies/tyk-pump/pumps/mongo_aggregate.go:339.2,344.46 2 1
github.com/TykTechnologies/tyk-pump/pumps/mongo_aggregate.go:348.2,359.16 5 1
github.com/TykTechnologies/tyk-pump/pumps/mongo_aggregate.go:365.2,373.101 5 1
github.com/TykTechnologies/tyk-pump/pumps/mongo_aggregate.go:377.2,377.19 1 1
github.com/TykTechnologies/tyk-pump/pumps/mongo_aggregate.go:382.2,382.33 1 1
github.com/TykTechnologies/tyk-pump/pumps/mongo_aggregate.go:391.2,391.12 1 1
github.com/TykTechnologies/tyk-pump/pumps/mongo_aggregate.go:324.20,327.3 2 0
github.com/TykTechnologies/tyk-pump/pumps/mongo_aggregate.go:335.27,337.3 1 0
github.com/TykTechnologies/tyk-pump/pumps/mongo_aggregate.go:344.46,346.3 1 1
github.com/TykTechnologies/tyk-pump/pumps/mongo_aggregate.go:359.16,362.3 2 0
github.com/TykTechnologies/tyk-pump/pumps/mongo_aggregate.go:373.101,375.3 1 0
github.com/TykTechnologies/tyk-pump/pumps/mongo_aggregate.go:377.19,380.3 2 0
github.com/TykTechnologies/tyk-pump/pumps/mongo_aggregate.go:382.33,385.17 3 1
github.com/TykTechnologies/tyk-pump/pumps/mongo_aggregate.go:385.17,387.4 1 0
github.com/TykTechnologies/tyk-pump/pumps/mongo_aggregate.go:387.9,389.4 1 1
github.com/TykTechnologies/tyk-pump/pumps/mongo_aggregate.go:395.74,400.16 4 1
github.com/TykTechnologies/tyk-pump/pumps/mongo_aggregate.go:406.2,406.32 1 1
github.com/TykTechnologies/tyk-pump/pumps/mongo_aggregate.go:412.2,412.19 1 1
github.com/TykTechnologies/tyk-pump/pumps/mongo_aggregate.go:400.16,404.3 2 0
github.com/TykTechnologies/tyk-pump/pumps/mongo_aggregate.go:406.32,407.19 1 1
github.com/TykTechnologies/tyk-pump/pumps/mongo_aggregate.go:407.19,409.4 1 1
github.com/TykTechnologies/tyk-pump/pumps/mongo_aggregate.go:416.66,418.2 1 0
github.com/TykTechnologies/tyk-pump/pumps/mongo.go:84.48,92.2 4 1
github.com/TykTechnologies/tyk-pump/pumps/mongo.go:114.74,116.16 2 0
github.com/TykTechnologies/tyk-pump/pumps/mongo.go:120.2,121.6 2 0
github.com/TykTechnologies/tyk-pump/pumps/mongo.go:137.2,137.32 1 0
github.com/TykTechnologies/tyk-pump/pumps/mongo.go:143.2,143.19 1 0
github.com/TykTechnologies/tyk-pump/pumps/mongo.go:116.16,118.3 1 0
github.com/TykTechnologies/tyk-pump/pumps/mongo.go:121.6,123.19 2 0
github.com/TykTechnologies/tyk-pump/pumps/mongo.go:126.3,126.34 1 0
github.com/TykTechnologies/tyk-pump/pumps/mongo.go:134.3,134.13 1 0
github.com/TykTechnologies/tyk-pump/pumps/mongo.go:123.19,124.9 1 0
github.com/TykTechnologies/tyk-pump/pumps/mongo.go:126.34,128.4 1 0
github.com/TykTechnologies/tyk-pump/pumps/mongo.go:128.9,130.18 2 0
github.com/TykTechnologies/tyk-pump/pumps/mongo.go:130.18,132.5 1 0
github.com/TykTechnologies/tyk-pump/pumps/mongo.go:137.32,139.3 1 0
github.com/TykTechnologies/tyk-pump/pumps/mongo.go:139.8,139.35 1 0
github.com/TykTechnologies/tyk-pump/pumps/mongo.go:139.35,141.3 1 0
github.com/TykTechnologies/tyk-pump/pumps/mongo.go:146.61,147.60 1 0
github.com/TykTechnologies/tyk-pump/pumps/mongo.go:150.2,150.60 1 0
github.com/TykTechnologies/tyk-pump/pumps/mongo.go:158.2,158.57 1 0
github.com/TykTechnologies/tyk-pump/pumps/mongo.go:161.2,161.55 1 0
github.com/TykTechnologies/tyk-pump/pumps/mongo.go:147.60,149.3 1 0
github.com/TykTechnologies/tyk-pump/pumps/mongo.go:150.60,151.28 1 0
github.com/TykTechnologies/tyk-pump/pumps/mongo.go:152.43,153.19 1 0
github.com/TykTechnologies/tyk-pump/pumps/mongo.go:154.11,155.79 1 0
github.com/TykTechnologies/tyk-pump/pumps/mongo.go:158.57,160.3 1 0
github.com/TykTechnologies/tyk-pump/pumps/mongo.go:164.48,171.21 3 1
github.com/TykTechnologies/tyk-pump/pumps/mongo.go:172.18,173.23 1 0
github.com/TykTechnologies/tyk-pump/pumps/mongo.go:174.21,175.18 1 0
github.com/TykTechnologies/tyk-pump/pumps/mongo.go:176.10,177.23 1 1
github.com/TykTechnologies/tyk-pump/pumps/mongo.go:181.76,182.61 1 1
github.com/TykTechnologies/tyk-pump/pumps/mongo.go:186.2,186.22 1 1
github.com/TykTechnologies/tyk-pump/pumps/mongo.go:253.2,253.22 1 1
github.com/TykTechnologies/tyk-pump/pumps/mongo.go:182.61,184.3 1 0
github.com/TykTechnologies/tyk-pump/pumps/mongo.go:186.22,187.70 1 0
[...]
github.com/TykTechnologies/tyk-pump/pumps/statsd.go:119.10,121.5 1 0
github.com/TykTechnologies/tyk-pump/pumps/statsd.go:130.37,131.27 1 0
github.com/TykTechnologies/tyk-pump/pumps/statsd.go:131.27,134.5 2 0
github.com/TykTechnologies/tyk-pump/pumps/statsd.go:142.92,167.30 5 1
github.com/TykTechnologies/tyk-pump/pumps/statsd.go:172.2,172.16 1 1
github.com/TykTechnologies/tyk-pump/pumps/statsd.go:167.30,170.3 2 1
github.com/TykTechnologies/tyk-pump/pumps/stdout.go:32.39,34.2 1 0
github.com/TykTechnologies/tyk-pump/pumps/stdout.go:36.44,38.2 1 0
github.com/TykTechnologies/tyk-pump/pumps/stdout.go:40.33,43.2 2 0
github.com/TykTechnologies/tyk-pump/pumps/stdout.go:45.53,52.16 4 0
github.com/TykTechnologies/tyk-pump/pumps/stdout.go:56.2,58.31 2 0
github.com/TykTechnologies/tyk-pump/pumps/stdout.go:62.2,64.12 2 0
github.com/TykTechnologies/tyk-pump/pumps/stdout.go:52.16,54.3 1 0
github.com/TykTechnologies/tyk-pump/pumps/stdout.go:58.31,60.3 1 0
github.com/TykTechnologies/tyk-pump/pumps/stdout.go:71.79,75.25 2 0
github.com/TykTechnologies/tyk-pump/pumps/stdout.go:95.2,97.12 2 0
github.com/TykTechnologies/tyk-pump/pumps/stdout.go:75.25,77.10 1 0
github.com/TykTechnologies/tyk-pump/pumps/stdout.go:78.21,79.14 1 0
github.com/TykTechnologies/tyk-pump/pumps/stdout.go:80.11,83.31 2 0
github.com/TykTechnologies/tyk-pump/pumps/stdout.go:83.31,89.5 5 0
github.com/TykTechnologies/tyk-pump/pumps/stdout.go:89.10,91.5 1 0
github.com/TykTechnologies/tyk-pump/pumps/init.go:8.13,35.2 24 1
github.com/TykTechnologies/tyk-pump/pumps/prometheus.go:86.37,92.2 3 1
github.com/TykTechnologies/tyk-pump/pumps/prometheus.go:95.47,133.2 6 1
github.com/TykTechnologies/tyk-pump/pumps/prometheus.go:135.43,137.2 1 0
github.com/TykTechnologies/tyk-pump/pumps/prometheus.go:139.48,141.2 1 0
github.com/TykTechnologies/tyk-pump/pumps/prometheus.go:143.55,148.16 4 0
github.com/TykTechnologies/tyk-pump/pumps/prometheus.go:152.2,154.23 2 0
github.com/TykTechnologies/tyk-pump/pumps/prometheus.go:158.2,158.23 1 0
github.com/TykTechnologies/tyk-pump/pumps/prometheus.go:163.2,163.38 1 0
github.com/TykTechnologies/tyk-pump/pumps/prometheus.go:172.2,178.12 4 0
github.com/TykTechnologies/tyk-pump/pumps/prometheus.go:181.2,183.12 2 0
github.com/TykTechnologies/tyk-pump/pumps/prometheus.go:148.16,150.3 1 0
github.com/TykTechnologies/tyk-pump/pumps/prometheus.go:154.23,156.3 1 0
github.com/TykTechnologies/tyk-pump/pumps/prometheus.go:158.23,160.3 1 0
github.com/TykTechnologies/tyk-pump/pumps/prometheus.go:163.38,166.21 3 0
github.com/TykTechnologies/tyk-pump/pumps/prometheus.go:166.21,168.4 1 0
github.com/TykTechnologies/tyk-pump/pumps/prometheus.go:178.12,180.3 1 0
github.com/TykTechnologies/tyk-pump/pumps/prometheus.go:187.46,188.35 1 1
github.com/TykTechnologies/tyk-pump/pumps/prometheus.go:188.35,190.39 2 1
github.com/TykTechnologies/tyk-pump/pumps/prometheus.go:202.3,202.56 1 1
github.com/TykTechnologies/tyk-pump/pumps/prometheus.go:190.39,194.22 4 1
github.com/TykTechnologies/tyk-pump/pumps/prometheus.go:194.22,196.5 1 1
github.com/TykTechnologies/tyk-pump/pumps/prometheus.go:196.10,199.5 2 1
github.com/TykTechnologies/tyk-pump/pumps/prometheus.go:206.83,209.28 2 0
github.com/TykTechnologies/tyk-pump/pumps/prometheus.go:255.2,255.44 1 0
github.com/TykTechnologies/tyk-pump/pumps/prometheus.go:265.2,267.12 2 0
github.com/TykTechnologies/tyk-pump/pumps/prometheus.go:209.28,210.10 1 0
github.com/TykTechnologies/tyk-pump/pumps/prometheus.go:216.3,218.39 2 0
github.com/TykTechnologies/tyk-pump/pumps/prometheus.go:211.21,213.81 2 0
github.com/TykTechnologies/tyk-pump/pumps/prometheus.go:214.11,214.11 0 0
github.com/TykTechnologies/tyk-pump/pumps/prometheus.go:218.39,219.22 1 0
github.com/TykTechnologies/tyk-pump/pumps/prometheus.go:219.22,224.30 3 0
github.com/TykTechnologies/tyk-pump/pumps/prometheus.go:225.23,226.34 1 0
github.com/TykTechnologies/tyk-pump/pumps/prometheus.go:236.25,237.36 1 0
github.com/TykTechnologies/tyk-pump/pumps/prometheus.go:247.13,248.92 1 0
github.com/TykTechnologies/tyk-pump/pumps/prometheus.go:226.34,229.21 2 0
github.com/TykTechnologies/tyk-pump/pumps/prometheus.go:229.21,234.8 1 0
github.com/TykTechnologies/tyk-pump/pumps/prometheus.go:237.36,240.21 2 0
github.com/TykTechnologies/tyk-pump/pumps/prometheus.go:240.21,245.8 1 0
github.com/TykTechnologies/tyk-pump/pumps/prometheus.go:255.44,257.17 2 0
github.com/TykTechnologies/tyk-pump/pumps/prometheus.go:257.17,262.4 1 0
github.com/TykTechnologies/tyk-pump/pumps/prometheus.go:272.45,273.32 1 1
github.com/TykTechnologies/tyk-pump/pumps/prometheus.go:302.2,303.12 2 1
github.com/TykTechnologies/tyk-pump/pumps/prometheus.go:273.32,283.3 3 1
github.com/TykTechnologies/tyk-pump/pumps/prometheus.go:283.8,283.41 1 1
github.com/TykTechnologies/tyk-pump/pumps/prometheus.go:283.41,285.21 2 1
github.com/TykTechnologies/tyk-pump/pumps/prometheus.go:288.3,297.43 3 1
github.com/TykTechnologies/tyk-pump/pumps/prometheus.go:285.21,287.4 1 1
github.com/TykTechnologies/tyk-pump/pumps/prometheus.go:298.8,300.3 1 1
github.com/TykTechnologies/tyk-pump/pumps/prometheus.go:307.89,330.34 3 1
github.com/TykTechnologies/tyk-pump/pumps/prometheus.go:335.2,335.15 1 1
github.com/TykTechnologies/tyk-pump/pumps/prometheus.go:330.34,331.36 1 1
github.com/TykTechnologies/tyk-pump/pumps/prometheus.go:331.36,333.4 1 1
github.com/TykTechnologies/tyk-pump/pumps/prometheus.go:339.57,340.23 1 1
github.com/TykTechnologies/tyk-pump/pumps/prometheus.go:352.2,352.12 1 1
github.com/TykTechnologies/tyk-pump/pumps/prometheus.go:341.20,347.49 1 1
github.com/TykTechnologies/tyk-pump/pumps/prometheus.go:348.10,349.60 1 0
github.com/TykTechnologies/tyk-pump/pumps/prometheus.go:356.80,357.23 1 1
github.com/TykTechnologies/tyk-pump/pumps/prometheus.go:381.2,381.12 1 1
github.com/TykTechnologies/tyk-pump/pumps/prometheus.go:358.22,361.32 3 1
github.com/TykTechnologies/tyk-pump/pumps/prometheus.go:378.10,379.60 1 0
github.com/TykTechnologies/tyk-pump/pumps/prometheus.go:361.32,364.52 2 1
github.com/TykTechnologies/tyk-pump/pumps/prometheus.go:364.52,368.5 3 1
github.com/TykTechnologies/tyk-pump/pumps/prometheus.go:368.10,373.5 1 1
github.com/TykTechnologies/tyk-pump/pumps/prometheus.go:374.9,376.4 1 1
github.com/TykTechnologies/tyk-pump/pumps/prometheus.go:388.44,389.23 1 1
github.com/TykTechnologies/tyk-pump/pumps/prometheus.go:408.2,408.12 1 1
github.com/TykTechnologies/tyk-pump/pumps/prometheus.go:390.20,391.41 1 1
github.com/TykTechnologies/tyk-pump/pumps/prometheus.go:396.3,396.42 1 1
github.com/TykTechnologies/tyk-pump/pumps/prometheus.go:397.22,398.32 1 1
github.com/TykTechnologies/tyk-pump/pumps/prometheus.go:405.10,406.60 1 0
github.com/TykTechnologies/tyk-pump/pumps/prometheus.go:391.41,395.4 2 1
github.com/TykTechnologies/tyk-pump/pumps/prometheus.go:398.32,399.44 1 1
github.com/TykTechnologies/tyk-pump/pumps/prometheus.go:403.4,403.55 1 1
github.com/TykTechnologies/tyk-pump/pumps/prometheus.go:399.44,402.5 2 1
github.com/TykTechnologies/tyk-pump/pumps/prometheus.go:412.59,414.2 1 1
github.com/TykTechnologies/tyk-pump/pumps/pump.go:40.47,42.57 1 1
github.com/TykTechnologies/tyk-pump/pumps/pump.go:46.2,46.45 1 1
github.com/TykTechnologies/tyk-pump/pumps/pump.go:42.57,44.3 1 1
github.com/TykTechnologies/tyk-pump/pumps/pump.go:49.91,50.49 1 1
github.com/TykTechnologies/tyk-pump/pumps/pump.go:50.49,53.25 3 0
github.com/TykTechnologies/tyk-pump/pumps/pump.go:53.25,55.4 1 0
github.com/TykTechnologies/tyk-pump/pumps/pump.go:56.8,59.25 3 1
github.com/TykTechnologies/tyk-pump/pumps/pump.go:59.25,61.4 1 0
github.com/TykTechnologies/tyk-pump/pumps/syslog.go:55.39,57.2 1 0
github.com/TykTechnologies/tyk-pump/pumps/syslog.go:59.33,62.2 2 0
github.com/TykTechnologies/tyk-pump/pumps/syslog.go:64.44,66.2 1 0
github.com/TykTechnologies/tyk-pump/pumps/syslog.go:68.53,74.16 4 0
github.com/TykTechnologies/tyk-pump/pumps/syslog.go:78.2,87.12 5 0
github.com/TykTechnologies/tyk-pump/pumps/syslog.go:74.16,76.3 1 0
github.com/TykTechnologies/tyk-pump/pumps/syslog.go:90.35,92.28 2 0
github.com/TykTechnologies/tyk-pump/pumps/syslog.go:95.2,101.16 2 0
github.com/TykTechnologies/tyk-pump/pumps/syslog.go:105.2,105.25 1 0
github.com/TykTechnologies/tyk-pump/pumps/syslog.go:92.28,94.3 1 0
github.com/TykTechnologies/tyk-pump/pumps/syslog.go:101.16,103.3 1 0
github.com/TykTechnologies/tyk-pump/pumps/syslog.go:110.36,111.34 1 0
github.com/TykTechnologies/tyk-pump/pumps/syslog.go:116.2,118.35 1 0
github.com/TykTechnologies/tyk-pump/pumps/syslog.go:122.2,122.36 1 0
github.com/TykTechnologies/tyk-pump/pumps/syslog.go:127.2,127.32 1 0
github.com/TykTechnologies/tyk-pump/pumps/syslog.go:111.34,114.3 2 0
github.com/TykTechnologies/tyk-pump/pumps/syslog.go:118.35,120.3 1 0
github.com/TykTechnologies/tyk-pump/pumps/syslog.go:122.36,125.3 2 0
github.com/TykTechnologies/tyk-pump/pumps/syslog.go:127.32,129.3 1 0
github.com/TykTechnologies/tyk-pump/pumps/syslog.go:135.79,139.25 2 0
github.com/TykTechnologies/tyk-pump/pumps/syslog.go:172.2,174.12 2 0
github.com/TykTechnologies/tyk-pump/pumps/syslog.go:139.25,140.10 1 0
github.com/TykTechnologies/tyk-pump/pumps/syslog.go:141.21,142.14 1 0
github.com/TykTechnologies/tyk-pump/pumps/syslog.go:143.11,169.47 3 0
github.com/TykTechnologies/tyk-pump/pumps/syslog.go:177.46,179.2 1 0
github.com/TykTechnologies/tyk-pump/pumps/syslog.go:181.39,183.2 1 0
github.com/TykTechnologies/tyk-pump/pumps/syslog.go:185.69,187.2 1 0
github.com/TykTechnologies/tyk-pump/pumps/syslog.go:188.62,190.2 1 0
github.com/TykTechnologies/tyk-pump/pumps/influx.go:46.33,49.2 2 0
github.com/TykTechnologies/tyk-pump/pumps/influx.go:51.39,53.2 1 0
github.com/TykTechnologies/tyk-pump/pumps/influx.go:55.44,57.2 1 0
github.com/TykTechnologies/tyk-pump/pumps/influx.go:59.53,64.16 4 0
github.com/TykTechnologies/tyk-pump/pumps/influx.go:68.2,75.12 5 0
github.com/TykTechnologies/tyk-pump/pumps/influx.go:64.16,66.3 1 0
github.com/TykTechnologies/tyk-pump/pumps/influx.go:78.46,85.16 2 0
github.com/TykTechnologies/tyk-pump/pumps/influx.go:91.2,91.10 1 0
github.com/TykTechnologies/tyk-pump/pumps/influx.go:85.16,89.3 3 0
github.com/TykTechnologies/tyk-pump/pumps/influx.go:94.79,108.25 7 0
github.com/TykTechnologies/tyk-pump/pumps/influx.go:161.2,164.12 3 0
github.com/TykTechnologies/tyk-pump/pumps/influx.go:108.25,132.35 5 0
github.com/TykTechnologies/tyk-pump/pumps/influx.go:146.3,146.37 1 0
github.com/TykTechnologies/tyk-pump/pumps/influx.go:151.3,151.77 1 0
github.com/TykTechnologies/tyk-pump/pumps/influx.go:157.3,157.18 1 0
github.com/TykTechnologies/tyk-pump/pumps/influx.go:132.35,136.18 3 0
github.com/TykTechnologies/tyk-pump/pumps/influx.go:142.4,142.17 1 0
github.com/TykTechnologies/tyk-pump/pumps/influx.go:136.18,138.5 1 0
github.com/TykTechnologies/tyk-pump/pumps/influx.go:138.10,141.5 1 0
github.com/TykTechnologies/tyk-pump/pumps/influx.go:146.37,148.4 1 0
github.com/TykTechnologies/tyk-pump/pumps/influx.go:151.77,153.12 2 0
github.com/TykTechnologies/tyk-pump/pumps/dummy.go:14.32,17.2 2 0
github.com/TykTechnologies/tyk-pump/pumps/dummy.go:19.38,21.2 1 0
github.com/TykTechnologies/tyk-pump/pumps/dummy.go:23.50,28.2 3 0
github.com/TykTechnologies/tyk-pump/pumps/dummy.go:30.78,33.2 2 0
github.com/TykTechnologies/tyk-pump/pumps/segment.go:27.34,30.2 2 0
github.com/TykTechnologies/tyk-pump/pumps/segment.go:32.40,34.2 1 0
github.com/TykTechnologies/tyk-pump/pumps/segment.go:36.45,38.2 1 0
github.com/TykTechnologies/tyk-pump/pumps/segment.go:40.54,45.26 4 0
github.com/TykTechnologies/tyk-pump/pumps/segment.go:49.2,54.12 4 0
github.com/TykTechnologies/tyk-pump/pumps/segment.go:45.26,47.3 1 0
github.com/TykTechnologies/tyk-pump/pumps/segment.go:57.80,60.25 2 0
github.com/TykTechnologies/tyk-pump/pumps/segment.go:63.2,65.12 2 0
github.com/TykTechnologies/tyk-pump/pumps/segment.go:60.25,62.3 1 0
github.com/TykTechnologies/tyk-pump/pumps/segment.go:68.79,72.16 3 0
github.com/TykTechnologies/tyk-pump/pumps/segment.go:85.2,85.12 1 0
github.com/TykTechnologies/tyk-pump/pumps/segment.go:72.16,74.3 1 0
github.com/TykTechnologies/tyk-pump/pumps/segment.go:74.8,80.17 2 0
github.com/TykTechnologies/tyk-pump/pumps/segment.go:80.17,82.4 1 0
github.com/TykTechnologies/tyk-pump/pumps/segment.go:88.82,90.16 2 0
github.com/TykTechnologies/tyk-pump/pumps/segment.go:94.2,96.16 3 0
github.com/TykTechnologies/tyk-pump/pumps/segment.go:100.2,100.24 1 0
github.com/TykTechnologies/tyk-pump/pumps/segment.go:90.16,92.3 1 0
github.com/TykTechnologies/tyk-pump/pumps/segment.go:96.16,98.3 1 0
github.com/TykTechnologies/tyk-pump/pumps/splunk.go:91.33,93.2 1 0
github.com/TykTechnologies/tyk-pump/pumps/splunk.go:96.39,98.2 1 1
github.com/TykTechnologies/tyk-pump/pumps/splunk.go:100.44,102.2 1 1
github.com/TykTechnologies/tyk-pump/pumps/splunk.go:105.53,110.16 4 1
github.com/TykTechnologies/tyk-pump/pumps/splunk.go:114.2,119.16 4 1
github.com/TykTechnologies/tyk-pump/pumps/splunk.go:123.2,123.65 1 1
github.com/TykTechnologies/tyk-pump/pumps/splunk.go:127.2,129.12 2 1
github.com/TykTechnologies/tyk-pump/pumps/splunk.go:110.16,112.3 1 0
github.com/TykTechnologies/tyk-pump/pumps/splunk.go:119.16,121.3 1 0
github.com/TykTechnologies/tyk-pump/pumps/splunk.go:123.65,125.3 1 0
github.com/TykTechnologies/tyk-pump/pumps/splunk.go:133.65,135.58 1 0
github.com/TykTechnologies/tyk-pump/pumps/splunk.go:147.2,147.21 1 0
github.com/TykTechnologies/tyk-pump/pumps/splunk.go:135.58,137.45 1 0
github.com/TykTechnologies/tyk-pump/pumps/splunk.go:137.45,139.49 1 0
github.com/TykTechnologies/tyk-pump/pumps/splunk.go:139.49,143.5 3 0
github.com/TykTechnologies/tyk-pump/pumps/splunk.go:151.79,156.41 3 1
github.com/TykTechnologies/tyk-pump/pumps/splunk.go:165.2,165.25 1 1
github.com/TykTechnologies/tyk-pump/pumps/splunk.go:270.2,270.51 1 1
github.com/TykTechnologies/tyk-pump/pumps/splunk.go:277.2,279.12 2 1
github.com/TykTechnologies/tyk-pump/pumps/splunk.go:156.41,158.21 2 1
github.com/TykTechnologies/tyk-pump/pumps/splunk.go:162.3,162.13 1 1
github.com/TykTechnologies/tyk-pump/pumps/splunk.go:158.21,161.4 2 0
github.com/TykTechnologies/tyk-pump/pumps/splunk.go:165.25,170.81 3 1
github.com/TykTechnologies/tyk-pump/pumps/splunk.go:176.3,207.31 3 1
github.com/TykTechnologies/tyk-pump/pumps/splunk.go:243.3,249.17 3 1
github.com/TykTechnologies/tyk-pump/pumps/splunk.go:253.3,253.27 1 1
github.com/TykTechnologies/tyk-pump/pumps/splunk.go:170.81,174.4 1 0
github.com/TykTechnologies/tyk-pump/pumps/splunk.go:207.31,209.42 1 0
github.com/TykTechnologies/tyk-pump/pumps/splunk.go:209.42,211.37 1 0
github.com/TykTechnologies/tyk-pump/pumps/splunk.go:216.5,216.65 1 0
github.com/TykTechnologies/tyk-pump/pumps/splunk.go:222.5,222.34 1 0
github.com/TykTechnologies/tyk-pump/pumps/splunk.go:211.37,212.14 1 0
github.com/TykTechnologies/tyk-pump/pumps/splunk.go:216.65,219.6 1 0
github.com/TykTechnologies/tyk-pump/pumps/splunk.go:224.9,242.4 1 1
github.com/TykTechnologies/tyk-pump/pumps/splunk.go:249.17,251.4 1 0
github.com/TykTechnologies/tyk-pump/pumps/splunk.go:253.27,255.68 1 1
github.com/TykTechnologies/tyk-pump/pumps/splunk.go:261.4,261.27 1 1
github.com/TykTechnologies/tyk-pump/pumps/splunk.go:255.68,256.60 1 1
github.com/TykTechnologies/tyk-pump/pumps/splunk.go:259.5,259.24 1 1
github.com/TykTechnologies/tyk-pump/pumps/splunk.go:256.60,258.6 1 0
github.com/TykTechnologies/tyk-pump/pumps/splunk.go:262.9,263.44 1 1
github.com/TykTechnologies/tyk-pump/pumps/splunk.go:263.44,265.5 1 0
github.com/TykTechnologies/tyk-pump/pumps/splunk.go:270.51,271.58 1 1
github.com/TykTechnologies/tyk-pump/pumps/splunk.go:274.3,274.22 1 1
github.com/TykTechnologies/tyk-pump/pumps/splunk.go:271.58,273.4 1 0
github.com/TykTechnologies/tyk-pump/pumps/splunk.go:283.155,284.39 1 1
github.com/TykTechnologies/tyk-pump/pumps/splunk.go:287.2,288.16 2 1
github.com/TykTechnologies/tyk-pump/pumps/splunk.go:291.2,292.17 2 1
github.com/TykTechnologies/tyk-pump/pumps/splunk.go:303.2,311.15 4 1
github.com/TykTechnologies/tyk-pump/pumps/splunk.go:284.39,286.3 1 1
github.com/TykTechnologies/tyk-pump/pumps/splunk.go:288.16,290.3 1 0
github.com/TykTechnologies/tyk-pump/pumps/splunk.go:292.17,293.38 1 0
github.com/TykTechnologies/tyk-pump/pumps/splunk.go:297.3,298.17 2 0
github.com/TykTechnologies/tyk-pump/pumps/splunk.go:301.3,301.89 1 0
github.com/TykTechnologies/tyk-pump/pumps/splunk.go:293.38,295.4 1 0
github.com/TykTechnologies/tyk-pump/pumps/splunk.go:298.17,300.4 1 0
github.com/TykTechnologies/tyk-pump/pumps/splunk.go:315.87,319.16 3 1
github.com/TykTechnologies/tyk-pump/pumps/splunk.go:322.2,324.29 3 1
github.com/TykTechnologies/tyk-pump/pumps/splunk.go:319.16,321.3 1 0
github.com/TykTechnologies/tyk-pump/pumps/graylog.go:50.34,53.2 2 0
github.com/TykTechnologies/tyk-pump/pumps/graylog.go:55.40,57.2 1 0
github.com/TykTechnologies/tyk-pump/pumps/graylog.go:59.45,61.2 1 0
github.com/TykTechnologies/tyk-pump/pumps/graylog.go:63.52,69.16 4 0
github.com/TykTechnologies/tyk-pump/pumps/graylog.go:73.2,75.30 2 0
github.com/TykTechnologies/tyk-pump/pumps/graylog.go:79.2,79.29 1 0
github.com/TykTechnologies/tyk-pump/pumps/graylog.go:82.2,89.12 5 0
github.com/TykTechnologies/tyk-pump/pumps/graylog.go:69.16,71.3 1 0
github.com/TykTechnologies/tyk-pump/pumps/graylog.go:75.30,77.3 1 0
github.com/TykTechnologies/tyk-pump/pumps/graylog.go:79.29,81.3 1 0
github.com/TykTechnologies/tyk-pump/pumps/graylog.go:92.33,97.2 1 0
github.com/TykTechnologies/tyk-pump/pumps/graylog.go:99.80,102.21 2 0
github.com/TykTechnologies/tyk-pump/pumps/graylog.go:107.2,107.28 1 0
github.com/TykTechnologies/tyk-pump/pumps/graylog.go:167.2,169.12 2 0
github.com/TykTechnologies/tyk-pump/pumps/graylog.go:102.21,105.3 2 0
github.com/TykTechnologies/tyk-pump/pumps/graylog.go:107.28,111.17 3 0
github.com/TykTechnologies/tyk-pump/pumps/graylog.go:115.3,117.17 2 0
github.com/TykTechnologies/tyk-pump/pumps/graylog.go:121.3,139.35 3 0
github.com/TykTechnologies/tyk-pump/pumps/graylog.go:145.3,146.17 2 0
github.com/TykTechnologies/tyk-pump/pumps/graylog.go:150.3,159.17 3 0
github.com/TykTechnologies/tyk-pump/pumps/graylog.go:163.3,165.35 2 0
github.com/TykTechnologies/tyk-pump/pumps/graylog.go:111.17,113.4 1 0
github.com/TykTechnologies/tyk-pump/pumps/graylog.go:117.17,119.4 1 0
github.com/TykTechnologies/tyk-pump/pumps/graylog.go:139.35,140.37 1 0
github.com/TykTechnologies/tyk-pump/pumps/graylog.go:140.37,142.5 1 0
github.com/TykTechnologies/tyk-pump/pumps/graylog.go:146.17,148.4 1 0
github.com/TykTechnologies/tyk-pump/pumps/graylog.go:159.17,161.4 1 0
github.com/TykTechnologies/tyk-pump/pumps/logzio.go:49.46,58.2 1 1
github.com/TykTechnologies/tyk-pump/pumps/logzio.go:66.72,67.22 1 1
github.com/TykTechnologies/tyk-pump/pumps/logzio.go:71.2,72.16 2 1
github.com/TykTechnologies/tyk-pump/pumps/logzio.go:76.2,77.74 2 1
github.com/TykTechnologies/tyk-pump/pumps/logzio.go:81.2,91.16 2 0
github.com/TykTechnologies/tyk-pump/pumps/logzio.go:95.2,95.15 1 0
github.com/TykTechnologies/tyk-pump/pumps/logzio.go:67.22,69.3 1 1
github.com/TykTechnologies/tyk-pump/pumps/logzio.go:72.16,74.3 1 1
github.com/TykTechnologies/tyk-pump/pumps/logzio.go:77.74,79.3 1 1
github.com/TykTechnologies/tyk-pump/pumps/logzio.go:91.16,93.3 1 0
github.com/TykTechnologies/tyk-pump/pumps/logzio.go:98.33,100.2 1 0
github.com/TykTechnologies/tyk-pump/pumps/logzio.go:102.39,104.2 1 0
github.com/TykTechnologies/tyk-pump/pumps/logzio.go:106.44,108.2 1 0
github.com/TykTechnologies/tyk-pump/pumps/logzio.go:110.53,115.16 4 0
github.com/TykTechnologies/tyk-pump/pumps/logzio.go:119.2,124.16 4 0
github.com/TykTechnologies/tyk-pump/pumps/logzio.go:127.2,129.12 2 0
github.com/TykTechnologies/tyk-pump/pumps/logzio.go:115.16,117.3 1 0
github.com/TykTechnologies/tyk-pump/pumps/logzio.go:124.16,126.3 1 0
github.com/TykTechnologies/tyk-pump/pumps/logzio.go:132.79,135.25 2 0
github.com/TykTechnologies/tyk-pump/pumps/logzio.go:161.2,163.12 2 0
github.com/TykTechnologies/tyk-pump/pumps/logzio.go:135.25,155.17 4 0
github.com/TykTechnologies/tyk-pump/pumps/logzio.go:159.3,159.23 1 0
github.com/TykTechnologies/tyk-pump/pumps/logzio.go:155.17,157.4 1 0
